Apache Maven 3.9.9 (8e8579a9e76f7d015ee5ec7bfcdc97d260186937)
Maven home: C:\MiProyecto\apache-maven-3.9.9
Java version: 23.0.2, vendor: Oracle Corporation, runtime: C:\MiProyecto\Java
Default locale: es_MX, platform encoding: UTF-8
OS name: "windows 11", version: "10.0", arch: "amd64", family: "windows"
[DEBUG] Created new class realm maven.api
[DEBUG] Importing foreign packages into class realm maven.api
[DEBUG]   Imported: javax.annotation.* < plexus.core
[DEBUG]   Imported: javax.annotation.security.* < plexus.core
[DEBUG]   Imported: javax.inject.* < plexus.core
[DEBUG]   Imported: org.apache.maven.* < plexus.core
[DEBUG]   Imported: org.apache.maven.artifact < plexus.core
[DEBUG]   Imported: org.apache.maven.classrealm < plexus.core
[DEBUG]   Imported: org.apache.maven.cli < plexus.core
[DEBUG]   Imported: org.apache.maven.configuration < plexus.core
[DEBUG]   Imported: org.apache.maven.exception < plexus.core
[DEBUG]   Imported: org.apache.maven.execution < plexus.core
[DEBUG]   Imported: org.apache.maven.execution.scope < plexus.core
[DEBUG]   Imported: org.apache.maven.graph < plexus.core
[DEBUG]   Imported: org.apache.maven.lifecycle < plexus.core
[DEBUG]   Imported: org.apache.maven.model < plexus.core
[DEBUG]   Imported: org.apache.maven.monitor < plexus.core
[DEBUG]   Imported: org.apache.maven.plugin < plexus.core
[DEBUG]   Imported: org.apache.maven.profiles < plexus.core
[DEBUG]   Imported: org.apache.maven.project < plexus.core
[DEBUG]   Imported: org.apache.maven.reporting < plexus.core
[DEBUG]   Imported: org.apache.maven.repository < plexus.core
[DEBUG]   Imported: org.apache.maven.rtinfo < plexus.core
[DEBUG]   Imported: org.apache.maven.settings < plexus.core
[DEBUG]   Imported: org.apache.maven.toolchain < plexus.core
[DEBUG]   Imported: org.apache.maven.usability < plexus.core
[DEBUG]   Imported: org.apache.maven.wagon.* < plexus.core
[DEBUG]   Imported: org.apache.maven.wagon.authentication < plexus.core
[DEBUG]   Imported: org.apache.maven.wagon.authorization < plexus.core
[DEBUG]   Imported: org.apache.maven.wagon.events < plexus.core
[DEBUG]   Imported: org.apache.maven.wagon.observers < plexus.core
[DEBUG]   Imported: org.apache.maven.wagon.proxy < plexus.core
[DEBUG]   Imported: org.apache.maven.wagon.repository < plexus.core
[DEBUG]   Imported: org.apache.maven.wagon.resource < plexus.core
[DEBUG]   Imported: org.codehaus.classworlds < plexus.core
[DEBUG]   Imported: org.codehaus.plexus.* < plexus.core
[DEBUG]   Imported: org.codehaus.plexus.classworlds < plexus.core
[DEBUG]   Imported: org.codehaus.plexus.component < plexus.core
[DEBUG]   Imported: org.codehaus.plexus.configuration < plexus.core
[DEBUG]   Imported: org.codehaus.plexus.container < plexus.core
[DEBUG]   Imported: org.codehaus.plexus.context < plexus.core
[DEBUG]   Imported: org.codehaus.plexus.lifecycle < plexus.core
[DEBUG]   Imported: org.codehaus.plexus.logging < plexus.core
[DEBUG]   Imported: org.codehaus.plexus.personality < plexus.core
[DEBUG]   Imported: org.codehaus.plexus.util.xml.Xpp3Dom < plexus.core
[DEBUG]   Imported: org.codehaus.plexus.util.xml.pull.XmlPullParser < plexus.core
[DEBUG]   Imported: org.codehaus.plexus.util.xml.pull.XmlPullParserException < plexus.core
[DEBUG]   Imported: org.codehaus.plexus.util.xml.pull.XmlSerializer < plexus.core
[DEBUG]   Imported: org.eclipse.aether.* < plexus.core
[DEBUG]   Imported: org.eclipse.aether.artifact < plexus.core
[DEBUG]   Imported: org.eclipse.aether.collection < plexus.core
[DEBUG]   Imported: org.eclipse.aether.deployment < plexus.core
[DEBUG]   Imported: org.eclipse.aether.graph < plexus.core
[DEBUG]   Imported: org.eclipse.aether.impl < plexus.core
[DEBUG]   Imported: org.eclipse.aether.installation < plexus.core
[DEBUG]   Imported: org.eclipse.aether.internal.impl < plexus.core
[DEBUG]   Imported: org.eclipse.aether.metadata < plexus.core
[DEBUG]   Imported: org.eclipse.aether.repository < plexus.core
[DEBUG]   Imported: org.eclipse.aether.resolution < plexus.core
[DEBUG]   Imported: org.eclipse.aether.spi < plexus.core
[DEBUG]   Imported: org.eclipse.aether.transfer < plexus.core
[DEBUG]   Imported: org.eclipse.aether.util < plexus.core
[DEBUG]   Imported: org.eclipse.aether.version < plexus.core
[DEBUG]   Imported: org.fusesource.jansi.* < plexus.core
[DEBUG]   Imported: org.slf4j.* < plexus.core
[DEBUG]   Imported: org.slf4j.event.* < plexus.core
[DEBUG]   Imported: org.slf4j.helpers.* < plexus.core
[DEBUG]   Imported: org.slf4j.spi.* < plexus.core
[DEBUG] Populating class realm maven.api
[DEBUG] Created adapter factory; available factories [file-lock, rwlock-local, semaphore-local, noop]; available name mappers [discriminating, file-gav, file-hgav, file-static, gav, static]
[INFO] Error stacktraces are turned on.
[DEBUG] Message scheme: color
[DEBUG] Message styles: debug info warning error success failure strong mojo project
[DEBUG] Reading global settings from C:\MiProyecto\apache-maven-3.9.9\conf\settings.xml
[DEBUG] Reading user settings from C:\Users\marle\.m2\settings.xml
[DEBUG] Reading global toolchains from C:\MiProyecto\apache-maven-3.9.9\conf\toolchains.xml
[DEBUG] Reading user toolchains from C:\Users\marle\.m2\toolchains.xml
[DEBUG] Using local repository at C:\Users\marle\.m2\repository
[DEBUG] Using manager EnhancedLocalRepositoryManager with priority 10.0 for C:\Users\marle\.m2\repository
[INFO] Scanning for projects...
[DEBUG] Extension realms for project com.example:mascotas:jar:1.0-SNAPSHOT: (none)
[DEBUG] Looking up lifecycle mappings for packaging jar from ClassRealm[plexus.core, parent: null]
[DEBUG] Resolving plugin prefix spring-boot from [org.apache.maven.plugins, org.codehaus.mojo]
[DEBUG] Creating adapter using nameMapper 'gav' and factory 'rwlock-local'
[DEBUG] Resolved plugin prefix spring-boot to org.springframework.boot:spring-boot-maven-plugin from POM com.example:mascotas:jar:1.0-SNAPSHOT
[DEBUG] === REACTOR BUILD PLAN ================================================
[DEBUG] Project: com.example:mascotas:jar:1.0-SNAPSHOT
[DEBUG] Tasks:   [spring-boot:run]
[DEBUG] Style:   Regular
[DEBUG] =======================================================================
[INFO] 
[INFO] ------------------------< com.example:mascotas >------------------------
[INFO] Building Sistema de Rastreo de Mascotas 1.0-SNAPSHOT
[INFO]   from pom.xml
[INFO] --------------------------------[ jar ]---------------------------------
[DEBUG] Resolving plugin prefix spring-boot from [org.apache.maven.plugins, org.codehaus.mojo]
[DEBUG] Resolved plugin prefix spring-boot to org.springframework.boot:spring-boot-maven-plugin from POM com.example:mascotas:jar:1.0-SNAPSHOT
[DEBUG] Lifecycle clean -> [pre-clean, clean, post-clean]
[DEBUG] Lifecycle default -> [validate, initialize, generate-sources, process-sources, generate-resources, process-resources, compile, process-classes, generate-test-sources, process-test-sources, generate-test-resources, process-test-resources, test-compile, process-test-classes, test, prepare-package, package, pre-integration-test, integration-test, post-integration-test, verify, install, deploy]
[DEBUG] Lifecycle site -> [pre-site, site, post-site, site-deploy]
[DEBUG] Lifecycle clean -> [pre-clean, clean, post-clean]
[DEBUG] Lifecycle default -> [validate, initialize, generate-sources, process-sources, generate-resources, process-resources, compile, process-classes, generate-test-sources, process-test-sources, generate-test-resources, process-test-resources, test-compile, process-test-classes, test, prepare-package, package, pre-integration-test, integration-test, post-integration-test, verify, install, deploy]
[DEBUG] Lifecycle site -> [pre-site, site, post-site, site-deploy]
[DEBUG] === PROJECT BUILD PLAN ================================================
[DEBUG] Project:       com.example:mascotas:1.0-SNAPSHOT
[DEBUG] Dependencies (collect): []
[DEBUG] Dependencies (resolve): [test]
[DEBUG] Repositories (dependencies): [central (https://repo.maven.apache.org/maven2, default, releases)]
[DEBUG] Repositories (plugins)     : [central (https://repo.maven.apache.org/maven2, default, releases)]
[DEBUG] --- init fork of com.example:mascotas:1.0-SNAPSHOT for org.springframework.boot:spring-boot-maven-plugin:2.7.9:run (default-cli) ---
[DEBUG] Dependencies (collect): []
[DEBUG] Dependencies (resolve): [compile, test]
[DEBUG] -----------------------------------------------------------------------
[DEBUG] Goal:          org.apache.maven.plugins:maven-resources-plugin:3.3.1:resources (default-resources)
[DEBUG] Style:         Regular
[DEBUG] Configuration: <?xml version="1.0" encoding="UTF-8"?>
<configuration>
  <addDefaultExcludes default-value="true"/>
  <buildFilters default-value="${project.build.filters}"/>
  <encoding default-value="${project.build.sourceEncoding}"/>
  <escapeWindowsPaths default-value="true"/>
  <fileNameFiltering default-value="false"/>
  <includeEmptyDirs default-value="false"/>
  <outputDirectory default-value="${project.build.outputDirectory}"/>
  <overwrite default-value="false"/>
  <project default-value="${project}"/>
  <resources default-value="${project.resources}"/>
  <session default-value="${session}"/>
  <skip default-value="false">${maven.resources.skip}</skip>
  <supportMultiLineFiltering default-value="false"/>
  <useBuildFilters default-value="true"/>
  <useDefaultDelimiters default-value="true"/>
</configuration>
[DEBUG] -----------------------------------------------------------------------
[DEBUG] Goal:          org.apache.maven.plugins:maven-compiler-plugin:3.8.1:compile (default-compile)
[DEBUG] Style:         Regular
[DEBUG] Configuration: <?xml version="1.0" encoding="UTF-8"?>
<configuration>
  <basedir default-value="${basedir}"/>
  <buildDirectory default-value="${project.build.directory}"/>
  <compilePath default-value="${project.compileClasspathElements}"/>
  <compileSourceRoots default-value="${project.compileSourceRoots}"/>
  <compilerId default-value="javac">${maven.compiler.compilerId}</compilerId>
  <compilerReuseStrategy default-value="${reuseCreated}">${maven.compiler.compilerReuseStrategy}</compilerReuseStrategy>
  <compilerVersion>${maven.compiler.compilerVersion}</compilerVersion>
  <debug default-value="true">${maven.compiler.debug}</debug>
  <debuglevel>${maven.compiler.debuglevel}</debuglevel>
  <encoding default-value="${project.build.sourceEncoding}">UTF-8</encoding>
  <executable>${maven.compiler.executable}</executable>
  <failOnError default-value="true">${maven.compiler.failOnError}</failOnError>
  <failOnWarning default-value="false">${maven.compiler.failOnWarning}</failOnWarning>
  <forceJavacCompilerUse default-value="false">${maven.compiler.forceJavacCompilerUse}</forceJavacCompilerUse>
  <fork default-value="false">${maven.compiler.fork}</fork>
  <generatedSourcesDirectory default-value="${project.build.directory}/generated-sources/annotations"/>
  <maxmem>${maven.compiler.maxmem}</maxmem>
  <meminitial>${maven.compiler.meminitial}</meminitial>
  <mojoExecution default-value="${mojoExecution}"/>
  <optimize default-value="false">${maven.compiler.optimize}</optimize>
  <outputDirectory default-value="${project.build.outputDirectory}"/>
  <parameters default-value="false">${maven.compiler.parameters}</parameters>
  <project default-value="${project}"/>
  <projectArtifact default-value="${project.artifact}"/>
  <release>${maven.compiler.release}</release>
  <session default-value="${session}"/>
  <showDeprecation default-value="false">${maven.compiler.showDeprecation}</showDeprecation>
  <showWarnings default-value="false">${maven.compiler.showWarnings}</showWarnings>
  <skipMain>${maven.main.skip}</skipMain>
  <skipMultiThreadWarning default-value="false">${maven.compiler.skipMultiThreadWarning}</skipMultiThreadWarning>
  <source default-value="1.6">17</source>
  <staleMillis default-value="0">${lastModGranularityMs}</staleMillis>
  <target default-value="1.6">17</target>
  <useIncrementalCompilation default-value="true">${maven.compiler.useIncrementalCompilation}</useIncrementalCompilation>
  <verbose default-value="false">${maven.compiler.verbose}</verbose>
</configuration>
[DEBUG] -----------------------------------------------------------------------
[DEBUG] Goal:          org.apache.maven.plugins:maven-resources-plugin:3.3.1:testResources (default-testResources)
[DEBUG] Style:         Regular
[DEBUG] Configuration: <?xml version="1.0" encoding="UTF-8"?>
<configuration>
  <addDefaultExcludes default-value="true"/>
  <buildFilters default-value="${project.build.filters}"/>
  <encoding default-value="${project.build.sourceEncoding}"/>
  <escapeWindowsPaths default-value="true"/>
  <fileNameFiltering default-value="false"/>
  <includeEmptyDirs default-value="false"/>
  <outputDirectory default-value="${project.build.testOutputDirectory}"/>
  <overwrite default-value="false"/>
  <project default-value="${project}"/>
  <resources default-value="${project.testResources}"/>
  <session default-value="${session}"/>
  <skip default-value="false">${maven.test.skip}</skip>
  <supportMultiLineFiltering default-value="false"/>
  <useBuildFilters default-value="true"/>
  <useDefaultDelimiters default-value="true"/>
</configuration>
[DEBUG] -----------------------------------------------------------------------
[DEBUG] Goal:          org.apache.maven.plugins:maven-compiler-plugin:3.8.1:testCompile (default-testCompile)
[DEBUG] Style:         Regular
[DEBUG] Configuration: <?xml version="1.0" encoding="UTF-8"?>
<configuration>
  <basedir default-value="${basedir}"/>
  <buildDirectory default-value="${project.build.directory}"/>
  <compilePath default-value="${project.compileClasspathElements}"/>
  <compileSourceRoots default-value="${project.testCompileSourceRoots}"/>
  <compilerId default-value="javac">${maven.compiler.compilerId}</compilerId>
  <compilerReuseStrategy default-value="${reuseCreated}">${maven.compiler.compilerReuseStrategy}</compilerReuseStrategy>
  <compilerVersion>${maven.compiler.compilerVersion}</compilerVersion>
  <debug default-value="true">${maven.compiler.debug}</debug>
  <debuglevel>${maven.compiler.debuglevel}</debuglevel>
  <encoding default-value="${project.build.sourceEncoding}">UTF-8</encoding>
  <executable>${maven.compiler.executable}</executable>
  <failOnError default-value="true">${maven.compiler.failOnError}</failOnError>
  <failOnWarning default-value="false">${maven.compiler.failOnWarning}</failOnWarning>
  <forceJavacCompilerUse default-value="false">${maven.compiler.forceJavacCompilerUse}</forceJavacCompilerUse>
  <fork default-value="false">${maven.compiler.fork}</fork>
  <generatedTestSourcesDirectory default-value="${project.build.directory}/generated-test-sources/test-annotations"/>
  <maxmem>${maven.compiler.maxmem}</maxmem>
  <meminitial>${maven.compiler.meminitial}</meminitial>
  <mojoExecution default-value="${mojoExecution}"/>
  <optimize default-value="false">${maven.compiler.optimize}</optimize>
  <outputDirectory default-value="${project.build.testOutputDirectory}"/>
  <parameters default-value="false">${maven.compiler.parameters}</parameters>
  <project default-value="${project}"/>
  <release>${maven.compiler.release}</release>
  <session default-value="${session}"/>
  <showDeprecation default-value="false">${maven.compiler.showDeprecation}</showDeprecation>
  <showWarnings default-value="false">${maven.compiler.showWarnings}</showWarnings>
  <skip>${maven.test.skip}</skip>
  <skipMultiThreadWarning default-value="false">${maven.compiler.skipMultiThreadWarning}</skipMultiThreadWarning>
  <source default-value="1.6">17</source>
  <staleMillis default-value="0">${lastModGranularityMs}</staleMillis>
  <target default-value="1.6">17</target>
  <testPath default-value="${project.testClasspathElements}"/>
  <testRelease>${maven.compiler.testRelease}</testRelease>
  <testSource>${maven.compiler.testSource}</testSource>
  <testTarget>${maven.compiler.testTarget}</testTarget>
  <useIncrementalCompilation default-value="true">${maven.compiler.useIncrementalCompilation}</useIncrementalCompilation>
  <verbose default-value="false">${maven.compiler.verbose}</verbose>
</configuration>
[DEBUG] --- exit fork of com.example:mascotas:1.0-SNAPSHOT for org.springframework.boot:spring-boot-maven-plugin:2.7.9:run (default-cli) ---
[DEBUG] -----------------------------------------------------------------------
[DEBUG] Goal:          org.springframework.boot:spring-boot-maven-plugin:2.7.9:run (default-cli)
[DEBUG] Style:         Regular
[DEBUG] Configuration: <?xml version="1.0" encoding="UTF-8"?>
<configuration>
  <addResources default-value="false">${spring-boot.run.addResources}</addResources>
  <agents>${spring-boot.run.agents}</agents>
  <classesDirectory default-value="${project.build.outputDirectory}"/>
  <commandlineArguments>${spring-boot.run.arguments}</commandlineArguments>
  <directories>${spring-boot.run.directories}</directories>
  <excludeGroupIds default-value="">${spring-boot.excludeGroupIds}</excludeGroupIds>
  <excludes>${spring-boot.excludes}</excludes>
  <fork default-value="true">${spring-boot.run.fork}</fork>
  <includes>${spring-boot.includes}</includes>
  <jvmArguments>${spring-boot.run.jvmArguments}</jvmArguments>
  <mainClass>com.rastreo.mascotas.Application</mainClass>
  <noverify>${spring-boot.run.noverify}</noverify>
  <optimizedLaunch default-value="true">${spring-boot.run.optimizedLaunch}</optimizedLaunch>
  <profiles>${spring-boot.run.profiles}</profiles>
  <project default-value="${project}"/>
  <session default-value="${session}"/>
  <skip default-value="false">${spring-boot.run.skip}</skip>
  <useTestClasspath default-value="false">${spring-boot.run.useTestClasspath}</useTestClasspath>
  <workingDirectory>${spring-boot.run.workingDirectory}</workingDirectory>
</configuration>
[DEBUG] =======================================================================
[INFO] 
[INFO] >>> spring-boot:2.7.9:run (default-cli) > test-compile @ mascotas >>>
[DEBUG] Using mirror maven-default-http-blocker (http://0.0.0.0/) for releases.java.net (http://maven.java.net/content/repositories/releases/).
[DEBUG] Using mirror maven-default-http-blocker (http://0.0.0.0/) for shapshots.java.net (http://maven.java.net/content/repositories/snapshots/).
[DEBUG] Using mirror maven-default-http-blocker (http://0.0.0.0/) for jvnet-nexus-staging (http://maven.java.net/content/repositories/staging/).
[DEBUG] Using mirror maven-default-http-blocker (http://0.0.0.0/) for netbeans (http://bits.netbeans.org/nexus/content/groups/netbeans).
[DEBUG] Dependency collection stats {ConflictMarker.analyzeTime=2427700, ConflictMarker.markTime=725600, ConflictMarker.nodeCount=149, ConflictIdSorter.graphTime=1313000, ConflictIdSorter.topsortTime=764300, ConflictIdSorter.conflictIdCount=63, ConflictIdSorter.conflictIdCycleCount=0, ConflictResolver.totalTime=15357900, ConflictResolver.conflictItemCount=120, DfDependencyCollector.collectTime=766477500, DfDependencyCollector.transformTime=23982700}
[DEBUG] com.example:mascotas:jar:1.0-SNAPSHOT
[DEBUG]    org.springframework.boot:spring-boot-starter:jar:2.7.9:compile
[DEBUG]       org.springframework.boot:spring-boot:jar:2.7.9:compile
[DEBUG]          org.springframework:spring-context:jar:5.3.25:compile
[DEBUG]       org.springframework.boot:spring-boot-autoconfigure:jar:2.7.9:compile
[DEBUG]       org.springframework.boot:spring-boot-starter-logging:jar:2.7.9:compile
[DEBUG]          ch.qos.logback:logback-classic:jar:1.2.11:compile
[DEBUG]             ch.qos.logback:logback-core:jar:1.2.11:compile
[DEBUG]          org.apache.logging.log4j:log4j-to-slf4j:jar:2.17.2:compile
[DEBUG]             org.apache.logging.log4j:log4j-api:jar:2.17.2:compile
[DEBUG]          org.slf4j:jul-to-slf4j:jar:1.7.36:compile
[DEBUG]       jakarta.annotation:jakarta.annotation-api:jar:1.3.5:compile
[DEBUG]       org.springframework:spring-core:jar:5.3.25:compile
[DEBUG]          org.springframework:spring-jcl:jar:5.3.25:compile
[DEBUG]       org.yaml:snakeyaml:jar:1.30:compile
[DEBUG]    org.springframework.boot:spring-boot-starter-web:jar:2.7.9:compile
[DEBUG]       org.springframework.boot:spring-boot-starter-json:jar:2.7.9:compile
[DEBUG]          com.fasterxml.jackson.core:jackson-databind:jar:2.13.5:compile
[DEBUG]             com.fasterxml.jackson.core:jackson-annotations:jar:2.13.5:compile
[DEBUG]             com.fasterxml.jackson.core:jackson-core:jar:2.13.5:compile
[DEBUG]          com.fasterxml.jackson.datatype:jackson-datatype-jdk8:jar:2.13.5:compile
[DEBUG]          com.fasterxml.jackson.datatype:jackson-datatype-jsr310:jar:2.13.5:compile
[DEBUG]          com.fasterxml.jackson.module:jackson-module-parameter-names:jar:2.13.5:compile
[DEBUG]       org.springframework.boot:spring-boot-starter-tomcat:jar:2.7.9:compile
[DEBUG]          org.apache.tomcat.embed:tomcat-embed-core:jar:9.0.71:compile
[DEBUG]          org.apache.tomcat.embed:tomcat-embed-el:jar:9.0.71:compile
[DEBUG]          org.apache.tomcat.embed:tomcat-embed-websocket:jar:9.0.71:compile
[DEBUG]       org.springframework:spring-web:jar:5.3.25:compile
[DEBUG]          org.springframework:spring-beans:jar:5.3.25:compile
[DEBUG]       org.springframework:spring-webmvc:jar:5.3.25:compile
[DEBUG]          org.springframework:spring-aop:jar:5.3.25:compile
[DEBUG]          org.springframework:spring-expression:jar:5.3.25:compile
[DEBUG]    org.springframework.boot:spring-boot-starter-data-jpa:jar:2.7.9:compile
[DEBUG]       org.springframework.boot:spring-boot-starter-aop:jar:2.7.9:compile
[DEBUG]          org.aspectj:aspectjweaver:jar:1.9.7:compile
[DEBUG]       org.springframework.boot:spring-boot-starter-jdbc:jar:2.7.9:compile
[DEBUG]          com.zaxxer:HikariCP:jar:4.0.3:compile
[DEBUG]          org.springframework:spring-jdbc:jar:5.3.25:compile
[DEBUG]       jakarta.transaction:jakarta.transaction-api:jar:1.3.3:compile
[DEBUG]       org.springframework.data:spring-data-jpa:jar:2.7.8:compile
[DEBUG]          org.springframework.data:spring-data-commons:jar:2.7.8:compile
[DEBUG]          org.springframework:spring-orm:jar:5.3.25:compile
[DEBUG]          org.springframework:spring-tx:jar:5.3.25:compile
[DEBUG]          org.slf4j:slf4j-api:jar:1.7.32:compile
[DEBUG]       org.springframework:spring-aspects:jar:5.3.25:compile
[DEBUG]    org.postgresql:postgresql:jar:42.6.0:compile
[DEBUG]       org.checkerframework:checker-qual:jar:3.31.0:runtime
[DEBUG]    jakarta.persistence:jakarta.persistence-api:jar:3.1.0:compile
[DEBUG]    org.hibernate:hibernate-core:jar:5.6.15.Final:compile
[DEBUG]       org.jboss.logging:jboss-logging:jar:3.4.3.Final:compile
[DEBUG]       javax.persistence:javax.persistence-api:jar:2.2:compile
[DEBUG]       net.bytebuddy:byte-buddy:jar:1.12.18:compile
[DEBUG]       antlr:antlr:jar:2.7.7:compile
[DEBUG]       org.jboss.spec.javax.transaction:jboss-transaction-api_1.2_spec:jar:1.1.1.Final:compile
[DEBUG]       org.jboss:jandex:jar:2.4.2.Final:compile
[DEBUG]       com.fasterxml:classmate:jar:1.5.1:compile
[DEBUG]       javax.activation:javax.activation-api:jar:1.2.0:compile
[DEBUG]       org.hibernate.common:hibernate-commons-annotations:jar:5.1.2.Final:compile
[DEBUG]       javax.xml.bind:jaxb-api:jar:2.3.1:compile
[DEBUG]       org.glassfish.jaxb:jaxb-runtime:jar:2.3.1:compile
[DEBUG]          org.glassfish.jaxb:txw2:jar:2.3.1:compile
[DEBUG]          com.sun.istack:istack-commons-runtime:jar:3.0.7:compile
[DEBUG]          org.jvnet.staxex:stax-ex:jar:1.8:compile
[DEBUG]          com.sun.xml.fastinfoset:FastInfoset:jar:1.2.15:compile
[INFO] 
[INFO] --- resources:3.3.1:resources (default-resources) @ mascotas ---
[DEBUG] Dependency collection stats {ConflictMarker.analyzeTime=194300, ConflictMarker.markTime=235300, ConflictMarker.nodeCount=13, ConflictIdSorter.graphTime=73900, ConflictIdSorter.topsortTime=41600, ConflictIdSorter.conflictIdCount=9, ConflictIdSorter.conflictIdCycleCount=0, ConflictResolver.totalTime=1275600, ConflictResolver.conflictItemCount=13, DfDependencyCollector.collectTime=106400500, DfDependencyCollector.transformTime=1896900}
[DEBUG] org.apache.maven.plugins:maven-resources-plugin:jar:3.3.1
[DEBUG]    org.codehaus.plexus:plexus-interpolation:jar:1.26:runtime
[DEBUG]    org.codehaus.plexus:plexus-utils:jar:3.5.1:compile
[DEBUG]    org.apache.maven.shared:maven-filtering:jar:3.3.1:compile
[DEBUG]       javax.inject:javax.inject:jar:1:compile
[DEBUG]       org.slf4j:slf4j-api:jar:1.7.36:compile
[DEBUG]       org.sonatype.plexus:plexus-build-api:jar:0.0.7:compile
[DEBUG]    commons-io:commons-io:jar:2.11.0:compile
[DEBUG]    org.apache.commons:commons-lang3:jar:3.12.0:compile
[DEBUG] Created new class realm plugin>org.apache.maven.plugins:maven-resources-plugin:3.3.1
[DEBUG] Importing foreign packages into class realm plugin>org.apache.maven.plugins:maven-resources-plugin:3.3.1
[DEBUG]   Imported:  < maven.api
[DEBUG] Populating class realm plugin>org.apache.maven.plugins:maven-resources-plugin:3.3.1
[DEBUG]   Included: org.apache.maven.plugins:maven-resources-plugin:jar:3.3.1
[DEBUG]   Included: org.codehaus.plexus:plexus-interpolation:jar:1.26
[DEBUG]   Included: org.codehaus.plexus:plexus-utils:jar:3.5.1
[DEBUG]   Included: org.apache.maven.shared:maven-filtering:jar:3.3.1
[DEBUG]   Included: org.sonatype.plexus:plexus-build-api:jar:0.0.7
[DEBUG]   Included: commons-io:commons-io:jar:2.11.0
[DEBUG]   Included: org.apache.commons:commons-lang3:jar:3.12.0
[DEBUG] Loading mojo org.apache.maven.plugins:maven-resources-plugin:3.3.1:resources from plugin realm ClassRealm[plugin>org.apache.maven.plugins:maven-resources-plugin:3.3.1, parent: jdk.internal.loader.ClassLoaders$AppClassLoader@70dea4e]
[DEBUG] Configuring mojo execution 'org.apache.maven.plugins:maven-resources-plugin:3.3.1:resources:default-resources' with basic configurator -->
[DEBUG]   (f) addDefaultExcludes = true
[DEBUG]   (f) buildFilters = []
[DEBUG]   (f) encoding = UTF-8
[DEBUG]   (f) escapeWindowsPaths = true
[DEBUG]   (f) fileNameFiltering = false
[DEBUG]   (s) includeEmptyDirs = false
[DEBUG]   (s) outputDirectory = C:\MiProyecto\mascotas\target\classes
[DEBUG]   (s) overwrite = false
[DEBUG]   (f) project = MavenProject: com.example:mascotas:1.0-SNAPSHOT @ C:\MiProyecto\mascotas\pom.xml
[DEBUG]   (s) resources = [Resource {targetPath: null, filtering: false, FileSet {directory: C:\MiProyecto\mascotas\src\main\resources, PatternSet [includes: {}, excludes: {}]}}]
[DEBUG]   (f) session = org.apache.maven.execution.MavenSession@55e42449
[DEBUG]   (f) skip = false
[DEBUG]   (f) supportMultiLineFiltering = false
[DEBUG]   (f) useBuildFilters = true
[DEBUG]   (s) useDefaultDelimiters = true
[DEBUG] -- end configuration --
[DEBUG] properties used:
[DEBUG] classworlds.conf: C:\MiProyecto\apache-maven-3.9.9\bin\m2.conf
[DEBUG] env.=::: ::\
[DEBUG] env.=C:: C:\MiProyecto\mascotas
[DEBUG] env.=EXITCODE: 00000001
[DEBUG] env.ALLUSERSPROFILE: C:\ProgramData
[DEBUG] env.APPDATA: C:\Users\marle\AppData\Roaming
[DEBUG] env.CLASSWORLDS_JAR: "C:\MiProyecto\apache-maven-3.9.9\boot\plexus-classworlds-2.8.0.jar"
[DEBUG] env.CLASSWORLDS_LAUNCHER: org.codehaus.plexus.classworlds.launcher.Launcher
[DEBUG] env.COMMONPROGRAMFILES: C:\Program Files\Common Files
[DEBUG] env.COMMONPROGRAMFILES(X86): C:\Program Files (x86)\Common Files
[DEBUG] env.COMMONPROGRAMW6432: C:\Program Files\Common Files
[DEBUG] env.COMPUTERNAME: ONESTEP
[DEBUG] env.COMSPEC: C:\WINDOWS\system32\cmd.exe
[DEBUG] env.DRIVERDATA: C:\Windows\System32\Drivers\DriverData
[DEBUG] env.EFC_1992: 1
[DEBUG] env.ERROR_CODE: 0
[DEBUG] env.EXEC_DIR: C:\MiProyecto\mascotas
[DEBUG] env.HOMEDRIVE: C:
[DEBUG] env.HOMEPATH: \Users\marle
[DEBUG] env.JAVACMD: C:\MiProyecto\Java\bin\java.exe
[DEBUG] env.JAVA_HOME: C:\MiProyecto\Java
[DEBUG] env.JVMCONFIG: \.mvn\jvm.config
[DEBUG] env.LOCALAPPDATA: C:\Users\marle\AppData\Local
[DEBUG] env.LOGONSERVER: \\ONESTEP
[DEBUG] env.M2_HOME: C:\MiProyecto\apache-maven-3.9.9
[DEBUG] env.MAVEN_CMD_LINE_ARGS: spring-boot:run -X
[DEBUG] env.MAVEN_HOME: C:\MiProyecto\apache-maven-3.9.9
[DEBUG] env.MAVEN_PROJECTBASEDIR: C:\MiProyecto\mascotas
[DEBUG] env.NUMBER_OF_PROCESSORS: 16
[DEBUG] env.ONEDRIVE: C:\Users\marle\OneDrive
[DEBUG] env.ONEDRIVECONSUMER: C:\Users\marle\OneDrive
[DEBUG] env.OPENSSL_CONF: C:\Program Files\PostgreSQL\psqlODBC\etc\openssl.cnf
[DEBUG] env.OS: Windows_NT
[DEBUG] env.PATH: C:\MiProyecto\Java\bin;C:\WINDOWS\system32;C:\WINDOWS;C:\WINDOWS\System32\Wbem;C:\WINDOWS\System32\WindowsPowerShell\v1.0\;C:\WINDOWS\System32\OpenSSH\;C:\Program Files\Git\cmd;C:\Program Files\nodejs\;C:\Users\marle\.vscode\extensions\ms-python.vscode-pylance-2025.3.2\dist\typeshed-fallback\stubs\passlib\passlib\handlers\postgres.pyi;C:\Program Files\PostgreSQL\16\bin;C:\MiProyecto\gradle-8.12-all\gradle-8.12\bin;C:\MiProyecto\apache-maven-3.9.9\bin;C:\Users\marle\AppData\Local\Microsoft\WindowsApps;C:\Users\marle\AppData\Local\Programs\Microsoft VS Code\bin;C:\Users\marle\Downloads\jdk-23_windows-x64_bin.exe;C:\Users\marle\AppData\Roaming\npm
[DEBUG] env.PATHEXT: .COM;.EXE;.BAT;.CMD;.VBS;.VBE;.JS;.JSE;.WSF;.WSH;.MSC
[DEBUG] env.PROCESSOR_ARCHITECTURE: AMD64
[DEBUG] env.PROCESSOR_IDENTIFIER: AMD64 Family 23 Model 104 Stepping 1, AuthenticAMD
[DEBUG] env.PROCESSOR_LEVEL: 23
[DEBUG] env.PROCESSOR_REVISION: 6801
[DEBUG] env.PROGRAMDATA: C:\ProgramData
[DEBUG] env.PROGRAMFILES: C:\Program Files
[DEBUG] env.PROGRAMFILES(X86): C:\Program Files (x86)
[DEBUG] env.PROGRAMW6432: C:\Program Files
[DEBUG] env.PROMPT: $P$G
[DEBUG] env.PSMODULEPATH: C:\Program Files\WindowsPowerShell\Modules;C:\WINDOWS\system32\WindowsPowerShell\v1.0\Modules
[DEBUG] env.PT8HOME: C:\Program Files\Cisco Packet Tracer 8.2.2
[DEBUG] env.PUBLIC: C:\Users\Public
[DEBUG] env.SESSIONNAME: Console
[DEBUG] env.SYSTEMDRIVE: C:
[DEBUG] env.SYSTEMROOT: C:\WINDOWS
[DEBUG] env.TEMP: C:\Users\marle\AppData\Local\Temp
[DEBUG] env.TMP: C:\Users\marle\AppData\Local\Temp
[DEBUG] env.USERDOMAIN: ONESTEP
[DEBUG] env.USERDOMAIN_ROAMINGPROFILE: ONESTEP
[DEBUG] env.USERNAME: marle
[DEBUG] env.USERPROFILE: C:\Users\marle
[DEBUG] env.VBOX_MSI_INSTALL_PATH: C:\Program Files\Oracle\VirtualBox\
[DEBUG] env.WDIR: C:\
[DEBUG] env.WINDIR: C:\WINDOWS
[DEBUG] file.encoding: UTF-8
[DEBUG] file.separator: \
[DEBUG] java.class.path: C:\MiProyecto\apache-maven-3.9.9\boot\plexus-classworlds-2.8.0.jar
[DEBUG] java.class.version: 67.0
[DEBUG] java.home: C:\MiProyecto\Java
[DEBUG] java.io.tmpdir: C:\Users\marle\AppData\Local\Temp\
[DEBUG] java.library.path: C:\MiProyecto\Java\bin;C:\WINDOWS\Sun\Java\bin;C:\WINDOWS\system32;C:\WINDOWS;C:\MiProyecto\Java\bin;C:\WINDOWS\system32;C:\WINDOWS;C:\WINDOWS\System32\Wbem;C:\WINDOWS\System32\WindowsPowerShell\v1.0\;C:\WINDOWS\System32\OpenSSH\;C:\Program Files\Git\cmd;C:\Program Files\nodejs\;C:\Users\marle\.vscode\extensions\ms-python.vscode-pylance-2025.3.2\dist\typeshed-fallback\stubs\passlib\passlib\handlers\postgres.pyi;C:\Program Files\PostgreSQL\16\bin;C:\MiProyecto\gradle-8.12-all\gradle-8.12\bin;C:\MiProyecto\apache-maven-3.9.9\bin;C:\Users\marle\AppData\Local\Microsoft\WindowsApps;C:\Users\marle\AppData\Local\Programs\Microsoft VS Code\bin;C:\Users\marle\Downloads\jdk-23_windows-x64_bin.exe;C:\Users\marle\AppData\Roaming\npm;.
[DEBUG] java.runtime.name: Java(TM) SE Runtime Environment
[DEBUG] java.runtime.version: 23.0.2+7-58
[DEBUG] java.specification.name: Java Platform API Specification
[DEBUG] java.specification.vendor: Oracle Corporation
[DEBUG] java.specification.version: 23
[DEBUG] java.vendor: Oracle Corporation
[DEBUG] java.vendor.url: https://java.oracle.com/
[DEBUG] java.vendor.url.bug: https://bugreport.java.com/bugreport/
[DEBUG] java.version: 23.0.2
[DEBUG] java.version.date: 2025-01-21
[DEBUG] java.vm.compressedOopsMode: Zero based
[DEBUG] java.vm.info: mixed mode, sharing
[DEBUG] java.vm.name: Java HotSpot(TM) 64-Bit Server VM
[DEBUG] java.vm.specification.name: Java Virtual Machine Specification
[DEBUG] java.vm.specification.vendor: Oracle Corporation
[DEBUG] java.vm.specification.version: 23
[DEBUG] java.vm.vendor: Oracle Corporation
[DEBUG] java.vm.version: 23.0.2+7-58
[DEBUG] jdk.debug: release
[DEBUG] library.jansi.path: C:\MiProyecto\apache-maven-3.9.9\lib\jansi-native
[DEBUG] line.separator: 

[DEBUG] maven.build.timestamp: 2025-03-26T05:38:31Z
[DEBUG] maven.build.version: Apache Maven 3.9.9 (8e8579a9e76f7d015ee5ec7bfcdc97d260186937)
[DEBUG] maven.conf: C:\MiProyecto\apache-maven-3.9.9/conf
[DEBUG] maven.home: C:\MiProyecto\apache-maven-3.9.9
[DEBUG] maven.multiModuleProjectDirectory: C:\MiProyecto\mascotas
[DEBUG] maven.version: 3.9.9
[DEBUG] native.encoding: Cp1252
[DEBUG] os.arch: amd64
[DEBUG] os.name: Windows 11
[DEBUG] os.version: 10.0
[DEBUG] path.separator: ;
[DEBUG] project.baseUri: file:/C:/MiProyecto/mascotas/
[DEBUG] project.build.sourceEncoding: UTF-8
[DEBUG] stderr.encoding: Cp1252
[DEBUG] stdout.encoding: Cp1252
[DEBUG] sun.arch.data.model: 64
[DEBUG] sun.boot.library.path: C:\MiProyecto\Java\bin
[DEBUG] sun.cpu.endian: little
[DEBUG] sun.cpu.isalist: amd64
[DEBUG] sun.io.unicode.encoding: UnicodeLittle
[DEBUG] sun.java.command: org.codehaus.plexus.classworlds.launcher.Launcher spring-boot:run -X
[DEBUG] sun.java.launcher: SUN_STANDARD
[DEBUG] sun.jnu.encoding: Cp1252
[DEBUG] sun.management.compiler: HotSpot 64-Bit Tiered Compilers
[DEBUG] sun.os.patch.level: 
[DEBUG] user.country: MX
[DEBUG] user.dir: C:\MiProyecto\mascotas
[DEBUG] user.home: C:\Users\marle
[DEBUG] user.language: es
[DEBUG] user.name: marle
[DEBUG] user.script: 
[DEBUG] user.variant: 
[DEBUG] Using 'UTF-8' encoding to copy filtered resources.
[DEBUG] Using 'UTF-8' encoding to copy filtered properties files.
[DEBUG] resource with targetPath null
directory C:\MiProyecto\mascotas\src\main\resources
excludes []
includes []
[DEBUG] ignoreDelta true
[INFO] Copying 0 resource from src\main\resources to target\classes
[DEBUG] no user filter components
[INFO] 
[INFO] --- compiler:3.8.1:compile (default-compile) @ mascotas ---
[DEBUG] Using mirror maven-default-http-blocker (http://0.0.0.0/) for apache.snapshots (http://repository.apache.org/snapshots).
[DEBUG] Using mirror maven-default-http-blocker (http://0.0.0.0/) for codehaus.snapshots (http://snapshots.repository.codehaus.org).
[DEBUG] Using mirror maven-default-http-blocker (http://0.0.0.0/) for ow2-snapshot (http://repository.ow2.org/nexus/content/repositories/snapshots).
[DEBUG] Dependency collection stats {ConflictMarker.analyzeTime=664600, ConflictMarker.markTime=252900, ConflictMarker.nodeCount=118, ConflictIdSorter.graphTime=464500, ConflictIdSorter.topsortTime=117500, ConflictIdSorter.conflictIdCount=45, ConflictIdSorter.conflictIdCycleCount=0, ConflictResolver.totalTime=2603500, ConflictResolver.conflictItemCount=72, DfDependencyCollector.collectTime=484428400, DfDependencyCollector.transformTime=4180800}
[DEBUG] org.apache.maven.plugins:maven-compiler-plugin:jar:3.8.1
[DEBUG]    org.apache.maven:maven-plugin-api:jar:3.0:compile
[DEBUG]       org.apache.maven:maven-model:jar:3.0:compile
[DEBUG]       org.sonatype.sisu:sisu-inject-plexus:jar:1.4.2:compile
[DEBUG]          org.sonatype.sisu:sisu-inject-bean:jar:1.4.2:compile
[DEBUG]             org.sonatype.sisu:sisu-guice:jar:noaop:2.1.7:compile
[DEBUG]    org.apache.maven:maven-artifact:jar:3.0:compile
[DEBUG]       org.codehaus.plexus:plexus-utils:jar:2.0.4:compile
[DEBUG]    org.apache.maven:maven-core:jar:3.0:compile
[DEBUG]       org.apache.maven:maven-settings:jar:3.0:compile
[DEBUG]       org.apache.maven:maven-settings-builder:jar:3.0:compile
[DEBUG]       org.apache.maven:maven-repository-metadata:jar:3.0:compile
[DEBUG]       org.apache.maven:maven-model-builder:jar:3.0:compile
[DEBUG]       org.apache.maven:maven-aether-provider:jar:3.0:runtime
[DEBUG]       org.sonatype.aether:aether-impl:jar:1.7:compile
[DEBUG]          org.sonatype.aether:aether-spi:jar:1.7:compile
[DEBUG]       org.sonatype.aether:aether-api:jar:1.7:compile
[DEBUG]       org.sonatype.aether:aether-util:jar:1.7:compile
[DEBUG]       org.codehaus.plexus:plexus-interpolation:jar:1.14:compile
[DEBUG]       org.codehaus.plexus:plexus-classworlds:jar:2.2.3:compile
[DEBUG]       org.codehaus.plexus:plexus-component-annotations:jar:1.7.1:compile (version managed from default)
[DEBUG]       org.sonatype.plexus:plexus-sec-dispatcher:jar:1.3:compile
[DEBUG]          org.sonatype.plexus:plexus-cipher:jar:1.4:compile
[DEBUG]    org.apache.maven.shared:maven-shared-utils:jar:3.2.1:compile
[DEBUG]       commons-io:commons-io:jar:2.5:compile
[DEBUG]    org.apache.maven.shared:maven-shared-incremental:jar:1.1:compile
[DEBUG]    org.codehaus.plexus:plexus-java:jar:0.9.10:compile
[DEBUG]       org.ow2.asm:asm:jar:6.2:compile
[DEBUG]       com.thoughtworks.qdox:qdox:jar:2.0-M9:compile (version managed from default)
[DEBUG]    org.codehaus.plexus:plexus-compiler-api:jar:2.8.4:compile
[DEBUG]    org.codehaus.plexus:plexus-compiler-manager:jar:2.8.4:compile
[DEBUG]    org.codehaus.plexus:plexus-compiler-javac:jar:2.8.4:runtime
[DEBUG] Created new class realm plugin>org.apache.maven.plugins:maven-compiler-plugin:3.8.1
[DEBUG] Importing foreign packages into class realm plugin>org.apache.maven.plugins:maven-compiler-plugin:3.8.1
[DEBUG]   Imported:  < maven.api
[DEBUG] Populating class realm plugin>org.apache.maven.plugins:maven-compiler-plugin:3.8.1
[DEBUG]   Included: org.apache.maven.plugins:maven-compiler-plugin:jar:3.8.1
[DEBUG]   Included: org.sonatype.sisu:sisu-inject-bean:jar:1.4.2
[DEBUG]   Included: org.sonatype.sisu:sisu-guice:jar:noaop:2.1.7
[DEBUG]   Included: org.codehaus.plexus:plexus-utils:jar:2.0.4
[DEBUG]   Included: org.sonatype.aether:aether-util:jar:1.7
[DEBUG]   Included: org.codehaus.plexus:plexus-interpolation:jar:1.14
[DEBUG]   Included: org.codehaus.plexus:plexus-component-annotations:jar:1.7.1
[DEBUG]   Included: org.sonatype.plexus:plexus-sec-dispatcher:jar:1.3
[DEBUG]   Included: org.sonatype.plexus:plexus-cipher:jar:1.4
[DEBUG]   Included: org.apache.maven.shared:maven-shared-utils:jar:3.2.1
[DEBUG]   Included: commons-io:commons-io:jar:2.5
[DEBUG]   Included: org.apache.maven.shared:maven-shared-incremental:jar:1.1
[DEBUG]   Included: org.codehaus.plexus:plexus-java:jar:0.9.10
[DEBUG]   Included: org.ow2.asm:asm:jar:6.2
[DEBUG]   Included: com.thoughtworks.qdox:qdox:jar:2.0-M9
[DEBUG]   Included: org.codehaus.plexus:plexus-compiler-api:jar:2.8.4
[DEBUG]   Included: org.codehaus.plexus:plexus-compiler-manager:jar:2.8.4
[DEBUG]   Included: org.codehaus.plexus:plexus-compiler-javac:jar:2.8.4
[DEBUG] Loading mojo org.apache.maven.plugins:maven-compiler-plugin:3.8.1:compile from plugin realm ClassRealm[plugin>org.apache.maven.plugins:maven-compiler-plugin:3.8.1, parent: jdk.internal.loader.ClassLoaders$AppClassLoader@70dea4e]
[DEBUG] Configuring mojo execution 'org.apache.maven.plugins:maven-compiler-plugin:3.8.1:compile:default-compile' with basic configurator -->
[DEBUG]   (f) basedir = C:\MiProyecto\mascotas
[DEBUG]   (f) buildDirectory = C:\MiProyecto\mascotas\target
[DEBUG]   (f) compilePath = [C:\MiProyecto\mascotas\target\classes, C:\Users\marle\.m2\repository\org\springframework\boot\spring-boot-starter\2.7.9\spring-boot-starter-2.7.9.jar, C:\Users\marle\.m2\repository\org\springframework\boot\spring-boot\2.7.9\spring-boot-2.7.9.jar, C:\Users\marle\.m2\repository\org\springframework\spring-context\5.3.25\spring-context-5.3.25.jar, C:\Users\marle\.m2\repository\org\springframework\boot\spring-boot-autoconfigure\2.7.9\spring-boot-autoconfigure-2.7.9.jar, C:\Users\marle\.m2\repository\org\springframework\boot\spring-boot-starter-logging\2.7.9\spring-boot-starter-logging-2.7.9.jar, C:\Users\marle\.m2\repository\ch\qos\logback\logback-classic\1.2.11\logback-classic-1.2.11.jar, C:\Users\marle\.m2\repository\ch\qos\logback\logback-core\1.2.11\logback-core-1.2.11.jar, C:\Users\marle\.m2\repository\org\apache\logging\log4j\log4j-to-slf4j\2.17.2\log4j-to-slf4j-2.17.2.jar, C:\Users\marle\.m2\repository\org\apache\logging\log4j\log4j-api\2.17.2\log4j-api-2.17.2.jar, C:\Users\marle\.m2\repository\org\slf4j\jul-to-slf4j\1.7.36\jul-to-slf4j-1.7.36.jar, C:\Users\marle\.m2\repository\jakarta\annotation\jakarta.annotation-api\1.3.5\jakarta.annotation-api-1.3.5.jar, C:\Users\marle\.m2\repository\org\springframework\spring-core\5.3.25\spring-core-5.3.25.jar, C:\Users\marle\.m2\repository\org\springframework\spring-jcl\5.3.25\spring-jcl-5.3.25.jar, C:\Users\marle\.m2\repository\org\yaml\snakeyaml\1.30\snakeyaml-1.30.jar, C:\Users\marle\.m2\repository\org\springframework\boot\spring-boot-starter-web\2.7.9\spring-boot-starter-web-2.7.9.jar, C:\Users\marle\.m2\repository\org\springframework\boot\spring-boot-starter-json\2.7.9\spring-boot-starter-json-2.7.9.jar, C:\Users\marle\.m2\repository\com\fasterxml\jackson\core\jackson-databind\2.13.5\jackson-databind-2.13.5.jar, C:\Users\marle\.m2\repository\com\fasterxml\jackson\core\jackson-annotations\2.13.5\jackson-annotations-2.13.5.jar, C:\Users\marle\.m2\repository\com\fasterxml\jackson\core\jackson-core\2.13.5\jackson-core-2.13.5.jar, C:\Users\marle\.m2\repository\com\fasterxml\jackson\datatype\jackson-datatype-jdk8\2.13.5\jackson-datatype-jdk8-2.13.5.jar, C:\Users\marle\.m2\repository\com\fasterxml\jackson\datatype\jackson-datatype-jsr310\2.13.5\jackson-datatype-jsr310-2.13.5.jar, C:\Users\marle\.m2\repository\com\fasterxml\jackson\module\jackson-module-parameter-names\2.13.5\jackson-module-parameter-names-2.13.5.jar, C:\Users\marle\.m2\repository\org\springframework\boot\spring-boot-starter-tomcat\2.7.9\spring-boot-starter-tomcat-2.7.9.jar, C:\Users\marle\.m2\repository\org\apache\tomcat\embed\tomcat-embed-core\9.0.71\tomcat-embed-core-9.0.71.jar, C:\Users\marle\.m2\repository\org\apache\tomcat\embed\tomcat-embed-el\9.0.71\tomcat-embed-el-9.0.71.jar, C:\Users\marle\.m2\repository\org\apache\tomcat\embed\tomcat-embed-websocket\9.0.71\tomcat-embed-websocket-9.0.71.jar, C:\Users\marle\.m2\repository\org\springframework\spring-web\5.3.25\spring-web-5.3.25.jar, C:\Users\marle\.m2\repository\org\springframework\spring-beans\5.3.25\spring-beans-5.3.25.jar, C:\Users\marle\.m2\repository\org\springframework\spring-webmvc\5.3.25\spring-webmvc-5.3.25.jar, C:\Users\marle\.m2\repository\org\springframework\spring-aop\5.3.25\spring-aop-5.3.25.jar, C:\Users\marle\.m2\repository\org\springframework\spring-expression\5.3.25\spring-expression-5.3.25.jar, C:\Users\marle\.m2\repository\org\springframework\boot\spring-boot-starter-data-jpa\2.7.9\spring-boot-starter-data-jpa-2.7.9.jar, C:\Users\marle\.m2\repository\org\springframework\boot\spring-boot-starter-aop\2.7.9\spring-boot-starter-aop-2.7.9.jar, C:\Users\marle\.m2\repository\org\aspectj\aspectjweaver\1.9.7\aspectjweaver-1.9.7.jar, C:\Users\marle\.m2\repository\org\springframework\boot\spring-boot-starter-jdbc\2.7.9\spring-boot-starter-jdbc-2.7.9.jar, C:\Users\marle\.m2\repository\com\zaxxer\HikariCP\4.0.3\HikariCP-4.0.3.jar, C:\Users\marle\.m2\repository\org\springframework\spring-jdbc\5.3.25\spring-jdbc-5.3.25.jar, C:\Users\marle\.m2\repository\jakarta\transaction\jakarta.transaction-api\1.3.3\jakarta.transaction-api-1.3.3.jar, C:\Users\marle\.m2\repository\org\springframework\data\spring-data-jpa\2.7.8\spring-data-jpa-2.7.8.jar, C:\Users\marle\.m2\repository\org\springframework\data\spring-data-commons\2.7.8\spring-data-commons-2.7.8.jar, C:\Users\marle\.m2\repository\org\springframework\spring-orm\5.3.25\spring-orm-5.3.25.jar, C:\Users\marle\.m2\repository\org\springframework\spring-tx\5.3.25\spring-tx-5.3.25.jar, C:\Users\marle\.m2\repository\org\slf4j\slf4j-api\1.7.32\slf4j-api-1.7.32.jar, C:\Users\marle\.m2\repository\org\springframework\spring-aspects\5.3.25\spring-aspects-5.3.25.jar, C:\Users\marle\.m2\repository\org\postgresql\postgresql\42.6.0\postgresql-42.6.0.jar, C:\Users\marle\.m2\repository\jakarta\persistence\jakarta.persistence-api\3.1.0\jakarta.persistence-api-3.1.0.jar, C:\Users\marle\.m2\repository\org\hibernate\hibernate-core\5.6.15.Final\hibernate-core-5.6.15.Final.jar, C:\Users\marle\.m2\repository\org\jboss\logging\jboss-logging\3.4.3.Final\jboss-logging-3.4.3.Final.jar, C:\Users\marle\.m2\repository\javax\persistence\javax.persistence-api\2.2\javax.persistence-api-2.2.jar, C:\Users\marle\.m2\repository\net\bytebuddy\byte-buddy\1.12.18\byte-buddy-1.12.18.jar, C:\Users\marle\.m2\repository\antlr\antlr\2.7.7\antlr-2.7.7.jar, C:\Users\marle\.m2\repository\org\jboss\spec\javax\transaction\jboss-transaction-api_1.2_spec\1.1.1.Final\jboss-transaction-api_1.2_spec-1.1.1.Final.jar, C:\Users\marle\.m2\repository\org\jboss\jandex\2.4.2.Final\jandex-2.4.2.Final.jar, C:\Users\marle\.m2\repository\com\fasterxml\classmate\1.5.1\classmate-1.5.1.jar, C:\Users\marle\.m2\repository\javax\activation\javax.activation-api\1.2.0\javax.activation-api-1.2.0.jar, C:\Users\marle\.m2\repository\org\hibernate\common\hibernate-commons-annotations\5.1.2.Final\hibernate-commons-annotations-5.1.2.Final.jar, C:\Users\marle\.m2\repository\javax\xml\bind\jaxb-api\2.3.1\jaxb-api-2.3.1.jar, C:\Users\marle\.m2\repository\org\glassfish\jaxb\jaxb-runtime\2.3.1\jaxb-runtime-2.3.1.jar, C:\Users\marle\.m2\repository\org\glassfish\jaxb\txw2\2.3.1\txw2-2.3.1.jar, C:\Users\marle\.m2\repository\com\sun\istack\istack-commons-runtime\3.0.7\istack-commons-runtime-3.0.7.jar, C:\Users\marle\.m2\repository\org\jvnet\staxex\stax-ex\1.8\stax-ex-1.8.jar, C:\Users\marle\.m2\repository\com\sun\xml\fastinfoset\FastInfoset\1.2.15\FastInfoset-1.2.15.jar]
[DEBUG]   (f) compileSourceRoots = [C:\MiProyecto\mascotas\src\main\java]
[DEBUG]   (f) compilerId = javac
[DEBUG]   (f) debug = true
[DEBUG]   (f) encoding = UTF-8
[DEBUG]   (f) failOnError = true
[DEBUG]   (f) failOnWarning = false
[DEBUG]   (f) forceJavacCompilerUse = false
[DEBUG]   (f) fork = false
[DEBUG]   (f) generatedSourcesDirectory = C:\MiProyecto\mascotas\target\generated-sources\annotations
[DEBUG]   (f) mojoExecution = org.apache.maven.plugins:maven-compiler-plugin:3.8.1:compile {execution: default-compile}
[DEBUG]   (f) optimize = false
[DEBUG]   (f) outputDirectory = C:\MiProyecto\mascotas\target\classes
[DEBUG]   (f) parameters = false
[DEBUG]   (f) project = MavenProject: com.example:mascotas:1.0-SNAPSHOT @ C:\MiProyecto\mascotas\pom.xml
[DEBUG]   (f) projectArtifact = com.example:mascotas:jar:1.0-SNAPSHOT
[DEBUG]   (f) session = org.apache.maven.execution.MavenSession@55e42449
[DEBUG]   (f) showDeprecation = false
[DEBUG]   (f) showWarnings = false
[DEBUG]   (f) skipMultiThreadWarning = false
[DEBUG]   (f) source = 17
[DEBUG]   (f) staleMillis = 0
[DEBUG]   (s) target = 17
[DEBUG]   (f) useIncrementalCompilation = true
[DEBUG]   (f) verbose = false
[DEBUG] -- end configuration --
[DEBUG] Using compiler 'javac'.
[DEBUG] Adding C:\MiProyecto\mascotas\target\generated-sources\annotations to compile source roots:
  C:\MiProyecto\mascotas\src\main\java
[DEBUG] New compile source roots:
  C:\MiProyecto\mascotas\src\main\java
  C:\MiProyecto\mascotas\target\generated-sources\annotations
[DEBUG] CompilerReuseStrategy: reuseCreated
[DEBUG] useIncrementalCompilation enabled
[INFO] Nothing to compile - all classes are up to date
[INFO] 
[INFO] --- resources:3.3.1:testResources (default-testResources) @ mascotas ---
[DEBUG] Loading mojo org.apache.maven.plugins:maven-resources-plugin:3.3.1:testResources from plugin realm ClassRealm[plugin>org.apache.maven.plugins:maven-resources-plugin:3.3.1, parent: jdk.internal.loader.ClassLoaders$AppClassLoader@70dea4e]
[DEBUG] Configuring mojo execution 'org.apache.maven.plugins:maven-resources-plugin:3.3.1:testResources:default-testResources' with basic configurator -->
[DEBUG]   (f) addDefaultExcludes = true
[DEBUG]   (f) buildFilters = []
[DEBUG]   (f) encoding = UTF-8
[DEBUG]   (f) escapeWindowsPaths = true
[DEBUG]   (f) fileNameFiltering = false
[DEBUG]   (s) includeEmptyDirs = false
[DEBUG]   (s) outputDirectory = C:\MiProyecto\mascotas\target\test-classes
[DEBUG]   (s) overwrite = false
[DEBUG]   (f) project = MavenProject: com.example:mascotas:1.0-SNAPSHOT @ C:\MiProyecto\mascotas\pom.xml
[DEBUG]   (s) resources = [Resource {targetPath: null, filtering: false, FileSet {directory: C:\MiProyecto\mascotas\src\test\resources, PatternSet [includes: {}, excludes: {}]}}]
[DEBUG]   (f) session = org.apache.maven.execution.MavenSession@55e42449
[DEBUG]   (f) skip = false
[DEBUG]   (f) supportMultiLineFiltering = false
[DEBUG]   (f) useBuildFilters = true
[DEBUG]   (s) useDefaultDelimiters = true
[DEBUG] -- end configuration --
[DEBUG] properties used:
[DEBUG] classworlds.conf: C:\MiProyecto\apache-maven-3.9.9\bin\m2.conf
[DEBUG] env.=::: ::\
[DEBUG] env.=C:: C:\MiProyecto\mascotas
[DEBUG] env.=EXITCODE: 00000001
[DEBUG] env.ALLUSERSPROFILE: C:\ProgramData
[DEBUG] env.APPDATA: C:\Users\marle\AppData\Roaming
[DEBUG] env.CLASSWORLDS_JAR: "C:\MiProyecto\apache-maven-3.9.9\boot\plexus-classworlds-2.8.0.jar"
[DEBUG] env.CLASSWORLDS_LAUNCHER: org.codehaus.plexus.classworlds.launcher.Launcher
[DEBUG] env.COMMONPROGRAMFILES: C:\Program Files\Common Files
[DEBUG] env.COMMONPROGRAMFILES(X86): C:\Program Files (x86)\Common Files
[DEBUG] env.COMMONPROGRAMW6432: C:\Program Files\Common Files
[DEBUG] env.COMPUTERNAME: ONESTEP
[DEBUG] env.COMSPEC: C:\WINDOWS\system32\cmd.exe
[DEBUG] env.DRIVERDATA: C:\Windows\System32\Drivers\DriverData
[DEBUG] env.EFC_1992: 1
[DEBUG] env.ERROR_CODE: 0
[DEBUG] env.EXEC_DIR: C:\MiProyecto\mascotas
[DEBUG] env.HOMEDRIVE: C:
[DEBUG] env.HOMEPATH: \Users\marle
[DEBUG] env.JAVACMD: C:\MiProyecto\Java\bin\java.exe
[DEBUG] env.JAVA_HOME: C:\MiProyecto\Java
[DEBUG] env.JVMCONFIG: \.mvn\jvm.config
[DEBUG] env.LOCALAPPDATA: C:\Users\marle\AppData\Local
[DEBUG] env.LOGONSERVER: \\ONESTEP
[DEBUG] env.M2_HOME: C:\MiProyecto\apache-maven-3.9.9
[DEBUG] env.MAVEN_CMD_LINE_ARGS: spring-boot:run -X
[DEBUG] env.MAVEN_HOME: C:\MiProyecto\apache-maven-3.9.9
[DEBUG] env.MAVEN_PROJECTBASEDIR: C:\MiProyecto\mascotas
[DEBUG] env.NUMBER_OF_PROCESSORS: 16
[DEBUG] env.ONEDRIVE: C:\Users\marle\OneDrive
[DEBUG] env.ONEDRIVECONSUMER: C:\Users\marle\OneDrive
[DEBUG] env.OPENSSL_CONF: C:\Program Files\PostgreSQL\psqlODBC\etc\openssl.cnf
[DEBUG] env.OS: Windows_NT
[DEBUG] env.PATH: C:\MiProyecto\Java\bin;C:\WINDOWS\system32;C:\WINDOWS;C:\WINDOWS\System32\Wbem;C:\WINDOWS\System32\WindowsPowerShell\v1.0\;C:\WINDOWS\System32\OpenSSH\;C:\Program Files\Git\cmd;C:\Program Files\nodejs\;C:\Users\marle\.vscode\extensions\ms-python.vscode-pylance-2025.3.2\dist\typeshed-fallback\stubs\passlib\passlib\handlers\postgres.pyi;C:\Program Files\PostgreSQL\16\bin;C:\MiProyecto\gradle-8.12-all\gradle-8.12\bin;C:\MiProyecto\apache-maven-3.9.9\bin;C:\Users\marle\AppData\Local\Microsoft\WindowsApps;C:\Users\marle\AppData\Local\Programs\Microsoft VS Code\bin;C:\Users\marle\Downloads\jdk-23_windows-x64_bin.exe;C:\Users\marle\AppData\Roaming\npm
[DEBUG] env.PATHEXT: .COM;.EXE;.BAT;.CMD;.VBS;.VBE;.JS;.JSE;.WSF;.WSH;.MSC
[DEBUG] env.PROCESSOR_ARCHITECTURE: AMD64
[DEBUG] env.PROCESSOR_IDENTIFIER: AMD64 Family 23 Model 104 Stepping 1, AuthenticAMD
[DEBUG] env.PROCESSOR_LEVEL: 23
[DEBUG] env.PROCESSOR_REVISION: 6801
[DEBUG] env.PROGRAMDATA: C:\ProgramData
[DEBUG] env.PROGRAMFILES: C:\Program Files
[DEBUG] env.PROGRAMFILES(X86): C:\Program Files (x86)
[DEBUG] env.PROGRAMW6432: C:\Program Files
[DEBUG] env.PROMPT: $P$G
[DEBUG] env.PSMODULEPATH: C:\Program Files\WindowsPowerShell\Modules;C:\WINDOWS\system32\WindowsPowerShell\v1.0\Modules
[DEBUG] env.PT8HOME: C:\Program Files\Cisco Packet Tracer 8.2.2
[DEBUG] env.PUBLIC: C:\Users\Public
[DEBUG] env.SESSIONNAME: Console
[DEBUG] env.SYSTEMDRIVE: C:
[DEBUG] env.SYSTEMROOT: C:\WINDOWS
[DEBUG] env.TEMP: C:\Users\marle\AppData\Local\Temp
[DEBUG] env.TMP: C:\Users\marle\AppData\Local\Temp
[DEBUG] env.USERDOMAIN: ONESTEP
[DEBUG] env.USERDOMAIN_ROAMINGPROFILE: ONESTEP
[DEBUG] env.USERNAME: marle
[DEBUG] env.USERPROFILE: C:\Users\marle
[DEBUG] env.VBOX_MSI_INSTALL_PATH: C:\Program Files\Oracle\VirtualBox\
[DEBUG] env.WDIR: C:\
[DEBUG] env.WINDIR: C:\WINDOWS
[DEBUG] file.encoding: UTF-8
[DEBUG] file.separator: \
[DEBUG] java.class.path: C:\MiProyecto\apache-maven-3.9.9\boot\plexus-classworlds-2.8.0.jar
[DEBUG] java.class.version: 67.0
[DEBUG] java.home: C:\MiProyecto\Java
[DEBUG] java.io.tmpdir: C:\Users\marle\AppData\Local\Temp\
[DEBUG] java.library.path: C:\MiProyecto\Java\bin;C:\WINDOWS\Sun\Java\bin;C:\WINDOWS\system32;C:\WINDOWS;C:\MiProyecto\Java\bin;C:\WINDOWS\system32;C:\WINDOWS;C:\WINDOWS\System32\Wbem;C:\WINDOWS\System32\WindowsPowerShell\v1.0\;C:\WINDOWS\System32\OpenSSH\;C:\Program Files\Git\cmd;C:\Program Files\nodejs\;C:\Users\marle\.vscode\extensions\ms-python.vscode-pylance-2025.3.2\dist\typeshed-fallback\stubs\passlib\passlib\handlers\postgres.pyi;C:\Program Files\PostgreSQL\16\bin;C:\MiProyecto\gradle-8.12-all\gradle-8.12\bin;C:\MiProyecto\apache-maven-3.9.9\bin;C:\Users\marle\AppData\Local\Microsoft\WindowsApps;C:\Users\marle\AppData\Local\Programs\Microsoft VS Code\bin;C:\Users\marle\Downloads\jdk-23_windows-x64_bin.exe;C:\Users\marle\AppData\Roaming\npm;.
[DEBUG] java.runtime.name: Java(TM) SE Runtime Environment
[DEBUG] java.runtime.version: 23.0.2+7-58
[DEBUG] java.specification.name: Java Platform API Specification
[DEBUG] java.specification.vendor: Oracle Corporation
[DEBUG] java.specification.version: 23
[DEBUG] java.vendor: Oracle Corporation
[DEBUG] java.vendor.url: https://java.oracle.com/
[DEBUG] java.vendor.url.bug: https://bugreport.java.com/bugreport/
[DEBUG] java.version: 23.0.2
[DEBUG] java.version.date: 2025-01-21
[DEBUG] java.vm.compressedOopsMode: Zero based
[DEBUG] java.vm.info: mixed mode, sharing
[DEBUG] java.vm.name: Java HotSpot(TM) 64-Bit Server VM
[DEBUG] java.vm.specification.name: Java Virtual Machine Specification
[DEBUG] java.vm.specification.vendor: Oracle Corporation
[DEBUG] java.vm.specification.version: 23
[DEBUG] java.vm.vendor: Oracle Corporation
[DEBUG] java.vm.version: 23.0.2+7-58
[DEBUG] jdk.debug: release
[DEBUG] library.jansi.path: C:\MiProyecto\apache-maven-3.9.9\lib\jansi-native
[DEBUG] line.separator: 

[DEBUG] maven.build.timestamp: 2025-03-26T05:38:32Z
[DEBUG] maven.build.version: Apache Maven 3.9.9 (8e8579a9e76f7d015ee5ec7bfcdc97d260186937)
[DEBUG] maven.conf: C:\MiProyecto\apache-maven-3.9.9/conf
[DEBUG] maven.home: C:\MiProyecto\apache-maven-3.9.9
[DEBUG] maven.multiModuleProjectDirectory: C:\MiProyecto\mascotas
[DEBUG] maven.version: 3.9.9
[DEBUG] native.encoding: Cp1252
[DEBUG] os.arch: amd64
[DEBUG] os.name: Windows 11
[DEBUG] os.version: 10.0
[DEBUG] path.separator: ;
[DEBUG] project.baseUri: file:/C:/MiProyecto/mascotas/
[DEBUG] project.build.sourceEncoding: UTF-8
[DEBUG] stderr.encoding: Cp1252
[DEBUG] stdout.encoding: Cp1252
[DEBUG] sun.arch.data.model: 64
[DEBUG] sun.boot.library.path: C:\MiProyecto\Java\bin
[DEBUG] sun.cpu.endian: little
[DEBUG] sun.cpu.isalist: amd64
[DEBUG] sun.io.unicode.encoding: UnicodeLittle
[DEBUG] sun.java.command: org.codehaus.plexus.classworlds.launcher.Launcher spring-boot:run -X
[DEBUG] sun.java.launcher: SUN_STANDARD
[DEBUG] sun.jnu.encoding: Cp1252
[DEBUG] sun.management.compiler: HotSpot 64-Bit Tiered Compilers
[DEBUG] sun.os.patch.level: 
[DEBUG] user.country: MX
[DEBUG] user.dir: C:\MiProyecto\mascotas
[DEBUG] user.home: C:\Users\marle
[DEBUG] user.language: es
[DEBUG] user.name: marle
[DEBUG] user.script: 
[DEBUG] user.variant: 
[DEBUG] Using 'UTF-8' encoding to copy filtered resources.
[DEBUG] Using 'UTF-8' encoding to copy filtered properties files.
[DEBUG] resource with targetPath null
directory C:\MiProyecto\mascotas\src\test\resources
excludes []
includes []
[INFO] skip non existing resourceDirectory C:\MiProyecto\mascotas\src\test\resources
[DEBUG] no user filter components
[INFO] 
[INFO] --- compiler:3.8.1:testCompile (default-testCompile) @ mascotas ---
[DEBUG] Loading mojo org.apache.maven.plugins:maven-compiler-plugin:3.8.1:testCompile from plugin realm ClassRealm[plugin>org.apache.maven.plugins:maven-compiler-plugin:3.8.1, parent: jdk.internal.loader.ClassLoaders$AppClassLoader@70dea4e]
[DEBUG] Configuring mojo execution 'org.apache.maven.plugins:maven-compiler-plugin:3.8.1:testCompile:default-testCompile' with basic configurator -->
[DEBUG]   (f) basedir = C:\MiProyecto\mascotas
[DEBUG]   (f) buildDirectory = C:\MiProyecto\mascotas\target
[DEBUG]   (f) compilePath = [C:\MiProyecto\mascotas\target\classes, C:\Users\marle\.m2\repository\org\springframework\boot\spring-boot-starter\2.7.9\spring-boot-starter-2.7.9.jar, C:\Users\marle\.m2\repository\org\springframework\boot\spring-boot\2.7.9\spring-boot-2.7.9.jar, C:\Users\marle\.m2\repository\org\springframework\spring-context\5.3.25\spring-context-5.3.25.jar, C:\Users\marle\.m2\repository\org\springframework\boot\spring-boot-autoconfigure\2.7.9\spring-boot-autoconfigure-2.7.9.jar, C:\Users\marle\.m2\repository\org\springframework\boot\spring-boot-starter-logging\2.7.9\spring-boot-starter-logging-2.7.9.jar, C:\Users\marle\.m2\repository\ch\qos\logback\logback-classic\1.2.11\logback-classic-1.2.11.jar, C:\Users\marle\.m2\repository\ch\qos\logback\logback-core\1.2.11\logback-core-1.2.11.jar, C:\Users\marle\.m2\repository\org\apache\logging\log4j\log4j-to-slf4j\2.17.2\log4j-to-slf4j-2.17.2.jar, C:\Users\marle\.m2\repository\org\apache\logging\log4j\log4j-api\2.17.2\log4j-api-2.17.2.jar, C:\Users\marle\.m2\repository\org\slf4j\jul-to-slf4j\1.7.36\jul-to-slf4j-1.7.36.jar, C:\Users\marle\.m2\repository\jakarta\annotation\jakarta.annotation-api\1.3.5\jakarta.annotation-api-1.3.5.jar, C:\Users\marle\.m2\repository\org\springframework\spring-core\5.3.25\spring-core-5.3.25.jar, C:\Users\marle\.m2\repository\org\springframework\spring-jcl\5.3.25\spring-jcl-5.3.25.jar, C:\Users\marle\.m2\repository\org\yaml\snakeyaml\1.30\snakeyaml-1.30.jar, C:\Users\marle\.m2\repository\org\springframework\boot\spring-boot-starter-web\2.7.9\spring-boot-starter-web-2.7.9.jar, C:\Users\marle\.m2\repository\org\springframework\boot\spring-boot-starter-json\2.7.9\spring-boot-starter-json-2.7.9.jar, C:\Users\marle\.m2\repository\com\fasterxml\jackson\core\jackson-databind\2.13.5\jackson-databind-2.13.5.jar, C:\Users\marle\.m2\repository\com\fasterxml\jackson\core\jackson-annotations\2.13.5\jackson-annotations-2.13.5.jar, C:\Users\marle\.m2\repository\com\fasterxml\jackson\core\jackson-core\2.13.5\jackson-core-2.13.5.jar, C:\Users\marle\.m2\repository\com\fasterxml\jackson\datatype\jackson-datatype-jdk8\2.13.5\jackson-datatype-jdk8-2.13.5.jar, C:\Users\marle\.m2\repository\com\fasterxml\jackson\datatype\jackson-datatype-jsr310\2.13.5\jackson-datatype-jsr310-2.13.5.jar, C:\Users\marle\.m2\repository\com\fasterxml\jackson\module\jackson-module-parameter-names\2.13.5\jackson-module-parameter-names-2.13.5.jar, C:\Users\marle\.m2\repository\org\springframework\boot\spring-boot-starter-tomcat\2.7.9\spring-boot-starter-tomcat-2.7.9.jar, C:\Users\marle\.m2\repository\org\apache\tomcat\embed\tomcat-embed-core\9.0.71\tomcat-embed-core-9.0.71.jar, C:\Users\marle\.m2\repository\org\apache\tomcat\embed\tomcat-embed-el\9.0.71\tomcat-embed-el-9.0.71.jar, C:\Users\marle\.m2\repository\org\apache\tomcat\embed\tomcat-embed-websocket\9.0.71\tomcat-embed-websocket-9.0.71.jar, C:\Users\marle\.m2\repository\org\springframework\spring-web\5.3.25\spring-web-5.3.25.jar, C:\Users\marle\.m2\repository\org\springframework\spring-beans\5.3.25\spring-beans-5.3.25.jar, C:\Users\marle\.m2\repository\org\springframework\spring-webmvc\5.3.25\spring-webmvc-5.3.25.jar, C:\Users\marle\.m2\repository\org\springframework\spring-aop\5.3.25\spring-aop-5.3.25.jar, C:\Users\marle\.m2\repository\org\springframework\spring-expression\5.3.25\spring-expression-5.3.25.jar, C:\Users\marle\.m2\repository\org\springframework\boot\spring-boot-starter-data-jpa\2.7.9\spring-boot-starter-data-jpa-2.7.9.jar, C:\Users\marle\.m2\repository\org\springframework\boot\spring-boot-starter-aop\2.7.9\spring-boot-starter-aop-2.7.9.jar, C:\Users\marle\.m2\repository\org\aspectj\aspectjweaver\1.9.7\aspectjweaver-1.9.7.jar, C:\Users\marle\.m2\repository\org\springframework\boot\spring-boot-starter-jdbc\2.7.9\spring-boot-starter-jdbc-2.7.9.jar, C:\Users\marle\.m2\repository\com\zaxxer\HikariCP\4.0.3\HikariCP-4.0.3.jar, C:\Users\marle\.m2\repository\org\springframework\spring-jdbc\5.3.25\spring-jdbc-5.3.25.jar, C:\Users\marle\.m2\repository\jakarta\transaction\jakarta.transaction-api\1.3.3\jakarta.transaction-api-1.3.3.jar, C:\Users\marle\.m2\repository\org\springframework\data\spring-data-jpa\2.7.8\spring-data-jpa-2.7.8.jar, C:\Users\marle\.m2\repository\org\springframework\data\spring-data-commons\2.7.8\spring-data-commons-2.7.8.jar, C:\Users\marle\.m2\repository\org\springframework\spring-orm\5.3.25\spring-orm-5.3.25.jar, C:\Users\marle\.m2\repository\org\springframework\spring-tx\5.3.25\spring-tx-5.3.25.jar, C:\Users\marle\.m2\repository\org\slf4j\slf4j-api\1.7.32\slf4j-api-1.7.32.jar, C:\Users\marle\.m2\repository\org\springframework\spring-aspects\5.3.25\spring-aspects-5.3.25.jar, C:\Users\marle\.m2\repository\org\postgresql\postgresql\42.6.0\postgresql-42.6.0.jar, C:\Users\marle\.m2\repository\jakarta\persistence\jakarta.persistence-api\3.1.0\jakarta.persistence-api-3.1.0.jar, C:\Users\marle\.m2\repository\org\hibernate\hibernate-core\5.6.15.Final\hibernate-core-5.6.15.Final.jar, C:\Users\marle\.m2\repository\org\jboss\logging\jboss-logging\3.4.3.Final\jboss-logging-3.4.3.Final.jar, C:\Users\marle\.m2\repository\javax\persistence\javax.persistence-api\2.2\javax.persistence-api-2.2.jar, C:\Users\marle\.m2\repository\net\bytebuddy\byte-buddy\1.12.18\byte-buddy-1.12.18.jar, C:\Users\marle\.m2\repository\antlr\antlr\2.7.7\antlr-2.7.7.jar, C:\Users\marle\.m2\repository\org\jboss\spec\javax\transaction\jboss-transaction-api_1.2_spec\1.1.1.Final\jboss-transaction-api_1.2_spec-1.1.1.Final.jar, C:\Users\marle\.m2\repository\org\jboss\jandex\2.4.2.Final\jandex-2.4.2.Final.jar, C:\Users\marle\.m2\repository\com\fasterxml\classmate\1.5.1\classmate-1.5.1.jar, C:\Users\marle\.m2\repository\javax\activation\javax.activation-api\1.2.0\javax.activation-api-1.2.0.jar, C:\Users\marle\.m2\repository\org\hibernate\common\hibernate-commons-annotations\5.1.2.Final\hibernate-commons-annotations-5.1.2.Final.jar, C:\Users\marle\.m2\repository\javax\xml\bind\jaxb-api\2.3.1\jaxb-api-2.3.1.jar, C:\Users\marle\.m2\repository\org\glassfish\jaxb\jaxb-runtime\2.3.1\jaxb-runtime-2.3.1.jar, C:\Users\marle\.m2\repository\org\glassfish\jaxb\txw2\2.3.1\txw2-2.3.1.jar, C:\Users\marle\.m2\repository\com\sun\istack\istack-commons-runtime\3.0.7\istack-commons-runtime-3.0.7.jar, C:\Users\marle\.m2\repository\org\jvnet\staxex\stax-ex\1.8\stax-ex-1.8.jar, C:\Users\marle\.m2\repository\com\sun\xml\fastinfoset\FastInfoset\1.2.15\FastInfoset-1.2.15.jar]
[DEBUG]   (f) compileSourceRoots = [C:\MiProyecto\mascotas\src\test\java]
[DEBUG]   (f) compilerId = javac
[DEBUG]   (f) debug = true
[DEBUG]   (f) encoding = UTF-8
[DEBUG]   (f) failOnError = true
[DEBUG]   (f) failOnWarning = false
[DEBUG]   (f) forceJavacCompilerUse = false
[DEBUG]   (f) fork = false
[DEBUG]   (f) generatedTestSourcesDirectory = C:\MiProyecto\mascotas\target\generated-test-sources\test-annotations
[DEBUG]   (f) mojoExecution = org.apache.maven.plugins:maven-compiler-plugin:3.8.1:testCompile {execution: default-testCompile}
[DEBUG]   (f) optimize = false
[DEBUG]   (f) outputDirectory = C:\MiProyecto\mascotas\target\test-classes
[DEBUG]   (f) parameters = false
[DEBUG]   (f) project = MavenProject: com.example:mascotas:1.0-SNAPSHOT @ C:\MiProyecto\mascotas\pom.xml
[DEBUG]   (f) session = org.apache.maven.execution.MavenSession@55e42449
[DEBUG]   (f) showDeprecation = false
[DEBUG]   (f) showWarnings = false
[DEBUG]   (f) skipMultiThreadWarning = false
[DEBUG]   (f) source = 17
[DEBUG]   (f) staleMillis = 0
[DEBUG]   (s) target = 17
[DEBUG]   (f) testPath = [C:\MiProyecto\mascotas\target\test-classes, C:\MiProyecto\mascotas\target\classes, C:\Users\marle\.m2\repository\org\springframework\boot\spring-boot-starter\2.7.9\spring-boot-starter-2.7.9.jar, C:\Users\marle\.m2\repository\org\springframework\boot\spring-boot\2.7.9\spring-boot-2.7.9.jar, C:\Users\marle\.m2\repository\org\springframework\spring-context\5.3.25\spring-context-5.3.25.jar, C:\Users\marle\.m2\repository\org\springframework\boot\spring-boot-autoconfigure\2.7.9\spring-boot-autoconfigure-2.7.9.jar, C:\Users\marle\.m2\repository\org\springframework\boot\spring-boot-starter-logging\2.7.9\spring-boot-starter-logging-2.7.9.jar, C:\Users\marle\.m2\repository\ch\qos\logback\logback-classic\1.2.11\logback-classic-1.2.11.jar, C:\Users\marle\.m2\repository\ch\qos\logback\logback-core\1.2.11\logback-core-1.2.11.jar, C:\Users\marle\.m2\repository\org\apache\logging\log4j\log4j-to-slf4j\2.17.2\log4j-to-slf4j-2.17.2.jar, C:\Users\marle\.m2\repository\org\apache\logging\log4j\log4j-api\2.17.2\log4j-api-2.17.2.jar, C:\Users\marle\.m2\repository\org\slf4j\jul-to-slf4j\1.7.36\jul-to-slf4j-1.7.36.jar, C:\Users\marle\.m2\repository\jakarta\annotation\jakarta.annotation-api\1.3.5\jakarta.annotation-api-1.3.5.jar, C:\Users\marle\.m2\repository\org\springframework\spring-core\5.3.25\spring-core-5.3.25.jar, C:\Users\marle\.m2\repository\org\springframework\spring-jcl\5.3.25\spring-jcl-5.3.25.jar, C:\Users\marle\.m2\repository\org\yaml\snakeyaml\1.30\snakeyaml-1.30.jar, C:\Users\marle\.m2\repository\org\springframework\boot\spring-boot-starter-web\2.7.9\spring-boot-starter-web-2.7.9.jar, C:\Users\marle\.m2\repository\org\springframework\boot\spring-boot-starter-json\2.7.9\spring-boot-starter-json-2.7.9.jar, C:\Users\marle\.m2\repository\com\fasterxml\jackson\core\jackson-databind\2.13.5\jackson-databind-2.13.5.jar, C:\Users\marle\.m2\repository\com\fasterxml\jackson\core\jackson-annotations\2.13.5\jackson-annotations-2.13.5.jar, C:\Users\marle\.m2\repository\com\fasterxml\jackson\core\jackson-core\2.13.5\jackson-core-2.13.5.jar, C:\Users\marle\.m2\repository\com\fasterxml\jackson\datatype\jackson-datatype-jdk8\2.13.5\jackson-datatype-jdk8-2.13.5.jar, C:\Users\marle\.m2\repository\com\fasterxml\jackson\datatype\jackson-datatype-jsr310\2.13.5\jackson-datatype-jsr310-2.13.5.jar, C:\Users\marle\.m2\repository\com\fasterxml\jackson\module\jackson-module-parameter-names\2.13.5\jackson-module-parameter-names-2.13.5.jar, C:\Users\marle\.m2\repository\org\springframework\boot\spring-boot-starter-tomcat\2.7.9\spring-boot-starter-tomcat-2.7.9.jar, C:\Users\marle\.m2\repository\org\apache\tomcat\embed\tomcat-embed-core\9.0.71\tomcat-embed-core-9.0.71.jar, C:\Users\marle\.m2\repository\org\apache\tomcat\embed\tomcat-embed-el\9.0.71\tomcat-embed-el-9.0.71.jar, C:\Users\marle\.m2\repository\org\apache\tomcat\embed\tomcat-embed-websocket\9.0.71\tomcat-embed-websocket-9.0.71.jar, C:\Users\marle\.m2\repository\org\springframework\spring-web\5.3.25\spring-web-5.3.25.jar, C:\Users\marle\.m2\repository\org\springframework\spring-beans\5.3.25\spring-beans-5.3.25.jar, C:\Users\marle\.m2\repository\org\springframework\spring-webmvc\5.3.25\spring-webmvc-5.3.25.jar, C:\Users\marle\.m2\repository\org\springframework\spring-aop\5.3.25\spring-aop-5.3.25.jar, C:\Users\marle\.m2\repository\org\springframework\spring-expression\5.3.25\spring-expression-5.3.25.jar, C:\Users\marle\.m2\repository\org\springframework\boot\spring-boot-starter-data-jpa\2.7.9\spring-boot-starter-data-jpa-2.7.9.jar, C:\Users\marle\.m2\repository\org\springframework\boot\spring-boot-starter-aop\2.7.9\spring-boot-starter-aop-2.7.9.jar, C:\Users\marle\.m2\repository\org\aspectj\aspectjweaver\1.9.7\aspectjweaver-1.9.7.jar, C:\Users\marle\.m2\repository\org\springframework\boot\spring-boot-starter-jdbc\2.7.9\spring-boot-starter-jdbc-2.7.9.jar, C:\Users\marle\.m2\repository\com\zaxxer\HikariCP\4.0.3\HikariCP-4.0.3.jar, C:\Users\marle\.m2\repository\org\springframework\spring-jdbc\5.3.25\spring-jdbc-5.3.25.jar, C:\Users\marle\.m2\repository\jakarta\transaction\jakarta.transaction-api\1.3.3\jakarta.transaction-api-1.3.3.jar, C:\Users\marle\.m2\repository\org\springframework\data\spring-data-jpa\2.7.8\spring-data-jpa-2.7.8.jar, C:\Users\marle\.m2\repository\org\springframework\data\spring-data-commons\2.7.8\spring-data-commons-2.7.8.jar, C:\Users\marle\.m2\repository\org\springframework\spring-orm\5.3.25\spring-orm-5.3.25.jar, C:\Users\marle\.m2\repository\org\springframework\spring-tx\5.3.25\spring-tx-5.3.25.jar, C:\Users\marle\.m2\repository\org\slf4j\slf4j-api\1.7.32\slf4j-api-1.7.32.jar, C:\Users\marle\.m2\repository\org\springframework\spring-aspects\5.3.25\spring-aspects-5.3.25.jar, C:\Users\marle\.m2\repository\org\postgresql\postgresql\42.6.0\postgresql-42.6.0.jar, C:\Users\marle\.m2\repository\org\checkerframework\checker-qual\3.31.0\checker-qual-3.31.0.jar, C:\Users\marle\.m2\repository\jakarta\persistence\jakarta.persistence-api\3.1.0\jakarta.persistence-api-3.1.0.jar, C:\Users\marle\.m2\repository\org\hibernate\hibernate-core\5.6.15.Final\hibernate-core-5.6.15.Final.jar, C:\Users\marle\.m2\repository\org\jboss\logging\jboss-logging\3.4.3.Final\jboss-logging-3.4.3.Final.jar, C:\Users\marle\.m2\repository\javax\persistence\javax.persistence-api\2.2\javax.persistence-api-2.2.jar, C:\Users\marle\.m2\repository\net\bytebuddy\byte-buddy\1.12.18\byte-buddy-1.12.18.jar, C:\Users\marle\.m2\repository\antlr\antlr\2.7.7\antlr-2.7.7.jar, C:\Users\marle\.m2\repository\org\jboss\spec\javax\transaction\jboss-transaction-api_1.2_spec\1.1.1.Final\jboss-transaction-api_1.2_spec-1.1.1.Final.jar, C:\Users\marle\.m2\repository\org\jboss\jandex\2.4.2.Final\jandex-2.4.2.Final.jar, C:\Users\marle\.m2\repository\com\fasterxml\classmate\1.5.1\classmate-1.5.1.jar, C:\Users\marle\.m2\repository\javax\activation\javax.activation-api\1.2.0\javax.activation-api-1.2.0.jar, C:\Users\marle\.m2\repository\org\hibernate\common\hibernate-commons-annotations\5.1.2.Final\hibernate-commons-annotations-5.1.2.Final.jar, C:\Users\marle\.m2\repository\javax\xml\bind\jaxb-api\2.3.1\jaxb-api-2.3.1.jar, C:\Users\marle\.m2\repository\org\glassfish\jaxb\jaxb-runtime\2.3.1\jaxb-runtime-2.3.1.jar, C:\Users\marle\.m2\repository\org\glassfish\jaxb\txw2\2.3.1\txw2-2.3.1.jar, C:\Users\marle\.m2\repository\com\sun\istack\istack-commons-runtime\3.0.7\istack-commons-runtime-3.0.7.jar, C:\Users\marle\.m2\repository\org\jvnet\staxex\stax-ex\1.8\stax-ex-1.8.jar, C:\Users\marle\.m2\repository\com\sun\xml\fastinfoset\FastInfoset\1.2.15\FastInfoset-1.2.15.jar]
[DEBUG]   (f) useIncrementalCompilation = true
[DEBUG]   (f) verbose = false
[DEBUG] -- end configuration --
[DEBUG] Using compiler 'javac'.
[INFO] No sources to compile
[INFO] 
[INFO] <<< spring-boot:2.7.9:run (default-cli) < test-compile @ mascotas <<<
[INFO] 
[INFO] 
[INFO] --- spring-boot:2.7.9:run (default-cli) @ mascotas ---
[DEBUG] Dependency collection stats {ConflictMarker.analyzeTime=593000, ConflictMarker.markTime=563500, ConflictMarker.nodeCount=132, ConflictIdSorter.graphTime=332800, ConflictIdSorter.topsortTime=137600, ConflictIdSorter.conflictIdCount=63, ConflictIdSorter.conflictIdCycleCount=0, ConflictResolver.totalTime=7670000, ConflictResolver.conflictItemCount=126, DfDependencyCollector.collectTime=278077600, DfDependencyCollector.transformTime=9377500}
[DEBUG] org.springframework.boot:spring-boot-maven-plugin:jar:2.7.9
[DEBUG]    org.springframework.boot:spring-boot-buildpack-platform:jar:2.7.9:runtime
[DEBUG]       com.fasterxml.jackson.core:jackson-databind:jar:2.13.5:runtime
[DEBUG]          com.fasterxml.jackson.core:jackson-annotations:jar:2.13.5:runtime
[DEBUG]          com.fasterxml.jackson.core:jackson-core:jar:2.13.5:runtime
[DEBUG]       com.fasterxml.jackson.module:jackson-module-parameter-names:jar:2.13.5:runtime
[DEBUG]       net.java.dev.jna:jna-platform:jar:5.7.0:runtime
[DEBUG]          net.java.dev.jna:jna:jar:5.7.0:runtime
[DEBUG]       org.apache.commons:commons-compress:jar:1.21:runtime
[DEBUG]       org.apache.httpcomponents:httpclient:jar:4.5.14:runtime
[DEBUG]          org.apache.httpcomponents:httpcore:jar:4.4.16:runtime
[DEBUG]          commons-codec:commons-codec:jar:1.11:compile
[DEBUG]       org.springframework:spring-core:jar:5.3.25:runtime
[DEBUG]          org.springframework:spring-jcl:jar:5.3.25:runtime
[DEBUG]       org.tomlj:tomlj:jar:1.0.0:runtime
[DEBUG]          org.antlr:antlr4-runtime:jar:4.7.2:runtime
[DEBUG]          com.google.code.findbugs:jsr305:jar:3.0.2:compile
[DEBUG]    org.springframework.boot:spring-boot-loader-tools:jar:2.7.9:runtime
[DEBUG]    org.sonatype.plexus:plexus-build-api:jar:0.0.7:runtime
[DEBUG]       org.codehaus.plexus:plexus-utils:jar:1.5.8:compile
[DEBUG]    org.apache.maven.plugins:maven-shade-plugin:jar:3.2.4:compile (optional)
[DEBUG]       org.apache.maven:maven-plugin-api:jar:3.0:compile (optional)
[DEBUG]          org.sonatype.sisu:sisu-inject-plexus:jar:1.4.2:compile (optional)
[DEBUG]             org.sonatype.sisu:sisu-inject-bean:jar:1.4.2:compile (optional)
[DEBUG]                org.sonatype.sisu:sisu-guice:jar:noaop:2.1.7:compile (optional)
[DEBUG]       org.apache.maven:maven-model:jar:3.0:compile (optional)
[DEBUG]       org.apache.maven:maven-core:jar:3.0:compile (optional)
[DEBUG]          org.apache.maven:maven-settings:jar:3.0:compile (optional)
[DEBUG]          org.apache.maven:maven-settings-builder:jar:3.0:compile (optional)
[DEBUG]          org.apache.maven:maven-repository-metadata:jar:3.0:compile (optional)
[DEBUG]          org.apache.maven:maven-model-builder:jar:3.0:compile (optional)
[DEBUG]          org.apache.maven:maven-aether-provider:jar:3.0:runtime (optional)
[DEBUG]          org.sonatype.aether:aether-impl:jar:1.7:compile (optional)
[DEBUG]             org.sonatype.aether:aether-spi:jar:1.7:compile (optional)
[DEBUG]          org.sonatype.aether:aether-api:jar:1.7:compile (optional)
[DEBUG]          org.sonatype.aether:aether-util:jar:1.7:compile (optional)
[DEBUG]          org.codehaus.plexus:plexus-interpolation:jar:1.14:compile (optional)
[DEBUG]          org.codehaus.plexus:plexus-classworlds:jar:2.2.3:compile (optional)
[DEBUG]          org.codehaus.plexus:plexus-component-annotations:jar:1.5.5:compile (optional)
[DEBUG]          org.sonatype.plexus:plexus-sec-dispatcher:jar:1.3:compile (optional)
[DEBUG]             org.sonatype.plexus:plexus-cipher:jar:1.4:compile (optional)
[DEBUG]       org.apache.maven:maven-artifact:jar:3.0:compile (optional)
[DEBUG]       org.apache.maven.shared:maven-artifact-transfer:jar:0.12.0:compile (optional)
[DEBUG]          org.apache.maven.shared:maven-common-artifact-filters:jar:3.0.1:compile (optional)
[DEBUG]             org.apache.maven.shared:maven-shared-utils:jar:3.1.0:compile (optional)
[DEBUG]          org.slf4j:slf4j-api:jar:1.7.5:compile (optional)
[DEBUG]       org.ow2.asm:asm:jar:8.0:compile (optional)
[DEBUG]       org.ow2.asm:asm-commons:jar:8.0:compile (optional)
[DEBUG]          org.ow2.asm:asm-tree:jar:8.0:compile (optional)
[DEBUG]          org.ow2.asm:asm-analysis:jar:8.0:compile (optional)
[DEBUG]       org.jdom:jdom2:jar:2.0.6:compile (optional)
[DEBUG]       org.apache.maven.shared:maven-dependency-tree:jar:3.0.1:compile (optional)
[DEBUG]          org.eclipse.aether:aether-util:jar:0.9.0.M2:compile (optional)
[DEBUG]       commons-io:commons-io:jar:2.6:compile (optional)
[DEBUG]       org.vafer:jdependency:jar:2.4.0:compile (optional)
[DEBUG]          org.ow2.asm:asm-util:jar:8.0:compile (optional)
[DEBUG]       com.google.guava:guava:jar:28.2-android:compile (optional)
[DEBUG]          com.google.guava:failureaccess:jar:1.0.1:compile (optional)
[DEBUG]          com.google.guava:listenablefuture:jar:9999.0-empty-to-avoid-conflict-with-guava:compile (optional)
[DEBUG]          org.checkerframework:checker-compat-qual:jar:2.5.5:compile (optional)
[DEBUG]          com.google.errorprone:error_prone_annotations:jar:2.3.4:compile (optional)
[DEBUG]          com.google.j2objc:j2objc-annotations:jar:1.3:compile (optional)
[DEBUG]       org.apache.commons:commons-lang3:jar:3.7:compile (optional)
[DEBUG] Created new class realm plugin>org.springframework.boot:spring-boot-maven-plugin:2.7.9
[DEBUG] Importing foreign packages into class realm plugin>org.springframework.boot:spring-boot-maven-plugin:2.7.9
[DEBUG]   Imported:  < maven.api
[DEBUG] Populating class realm plugin>org.springframework.boot:spring-boot-maven-plugin:2.7.9
[DEBUG]   Included: org.springframework.boot:spring-boot-maven-plugin:jar:2.7.9
[DEBUG]   Included: org.springframework.boot:spring-boot-buildpack-platform:jar:2.7.9
[DEBUG]   Included: com.fasterxml.jackson.core:jackson-databind:jar:2.13.5
[DEBUG]   Included: com.fasterxml.jackson.core:jackson-annotations:jar:2.13.5
[DEBUG]   Included: com.fasterxml.jackson.core:jackson-core:jar:2.13.5
[DEBUG]   Included: com.fasterxml.jackson.module:jackson-module-parameter-names:jar:2.13.5
[DEBUG]   Included: net.java.dev.jna:jna-platform:jar:5.7.0
[DEBUG]   Included: net.java.dev.jna:jna:jar:5.7.0
[DEBUG]   Included: org.apache.commons:commons-compress:jar:1.21
[DEBUG]   Included: org.apache.httpcomponents:httpclient:jar:4.5.14
[DEBUG]   Included: org.apache.httpcomponents:httpcore:jar:4.4.16
[DEBUG]   Included: commons-codec:commons-codec:jar:1.11
[DEBUG]   Included: org.springframework:spring-core:jar:5.3.25
[DEBUG]   Included: org.springframework:spring-jcl:jar:5.3.25
[DEBUG]   Included: org.tomlj:tomlj:jar:1.0.0
[DEBUG]   Included: org.antlr:antlr4-runtime:jar:4.7.2
[DEBUG]   Included: com.google.code.findbugs:jsr305:jar:3.0.2
[DEBUG]   Included: org.springframework.boot:spring-boot-loader-tools:jar:2.7.9
[DEBUG]   Included: org.sonatype.plexus:plexus-build-api:jar:0.0.7
[DEBUG]   Included: org.codehaus.plexus:plexus-utils:jar:1.5.8
[DEBUG]   Included: org.apache.maven.plugins:maven-shade-plugin:jar:3.2.4
[DEBUG]   Included: org.sonatype.sisu:sisu-inject-bean:jar:1.4.2
[DEBUG]   Included: org.sonatype.sisu:sisu-guice:jar:noaop:2.1.7
[DEBUG]   Included: org.sonatype.aether:aether-util:jar:1.7
[DEBUG]   Included: org.codehaus.plexus:plexus-interpolation:jar:1.14
[DEBUG]   Included: org.codehaus.plexus:plexus-component-annotations:jar:1.5.5
[DEBUG]   Included: org.sonatype.plexus:plexus-sec-dispatcher:jar:1.3
[DEBUG]   Included: org.sonatype.plexus:plexus-cipher:jar:1.4
[DEBUG]   Included: org.apache.maven.shared:maven-artifact-transfer:jar:0.12.0
[DEBUG]   Included: org.apache.maven.shared:maven-common-artifact-filters:jar:3.0.1
[DEBUG]   Included: org.apache.maven.shared:maven-shared-utils:jar:3.1.0
[DEBUG]   Included: org.ow2.asm:asm:jar:8.0
[DEBUG]   Included: org.ow2.asm:asm-commons:jar:8.0
[DEBUG]   Included: org.ow2.asm:asm-tree:jar:8.0
[DEBUG]   Included: org.ow2.asm:asm-analysis:jar:8.0
[DEBUG]   Included: org.jdom:jdom2:jar:2.0.6
[DEBUG]   Included: org.apache.maven.shared:maven-dependency-tree:jar:3.0.1
[DEBUG]   Included: commons-io:commons-io:jar:2.6
[DEBUG]   Included: org.vafer:jdependency:jar:2.4.0
[DEBUG]   Included: org.ow2.asm:asm-util:jar:8.0
[DEBUG]   Included: com.google.guava:guava:jar:28.2-android
[DEBUG]   Included: com.google.guava:failureaccess:jar:1.0.1
[DEBUG]   Included: com.google.guava:listenablefuture:jar:9999.0-empty-to-avoid-conflict-with-guava
[DEBUG]   Included: org.checkerframework:checker-compat-qual:jar:2.5.5
[DEBUG]   Included: com.google.errorprone:error_prone_annotations:jar:2.3.4
[DEBUG]   Included: com.google.j2objc:j2objc-annotations:jar:1.3
[DEBUG]   Included: org.apache.commons:commons-lang3:jar:3.7
[DEBUG] Loading mojo org.springframework.boot:spring-boot-maven-plugin:2.7.9:run from plugin realm ClassRealm[plugin>org.springframework.boot:spring-boot-maven-plugin:2.7.9, parent: jdk.internal.loader.ClassLoaders$AppClassLoader@70dea4e]
[DEBUG] Configuring mojo execution 'org.springframework.boot:spring-boot-maven-plugin:2.7.9:run:default-cli' with basic configurator -->
[DEBUG]   (f) addResources = false
[DEBUG]   (f) agents = []
[DEBUG]   (f) classesDirectory = C:\MiProyecto\mascotas\target\classes
[DEBUG]   (f) directories = []
[DEBUG]   (f) excludes = []
[DEBUG]   (f) fork = true
[DEBUG]   (f) includes = []
[DEBUG]   (f) mainClass = com.rastreo.mascotas.Application
[DEBUG]   (f) optimizedLaunch = true
[DEBUG]   (f) profiles = []
[DEBUG]   (f) project = MavenProject: com.example:mascotas:1.0-SNAPSHOT @ C:\MiProyecto\mascotas\pom.xml
[DEBUG]   (f) session = org.apache.maven.execution.MavenSession@55e42449
[DEBUG]   (f) skip = false
[DEBUG]   (f) useTestClasspath = false
[DEBUG] -- end configuration --
[INFO] Attaching agents: []
[DEBUG] JVM argument(s): -XX:TieredStopAtLevel=1
[DEBUG] Classpath for forked process: C:\MiProyecto\mascotas\target\classes;C:\Users\marle\.m2\repository\org\springframework\boot\spring-boot\2.7.9\spring-boot-2.7.9.jar;C:\Users\marle\.m2\repository\org\springframework\spring-context\5.3.25\spring-context-5.3.25.jar;C:\Users\marle\.m2\repository\org\springframework\boot\spring-boot-autoconfigure\2.7.9\spring-boot-autoconfigure-2.7.9.jar;C:\Users\marle\.m2\repository\ch\qos\logback\logback-classic\1.2.11\logback-classic-1.2.11.jar;C:\Users\marle\.m2\repository\ch\qos\logback\logback-core\1.2.11\logback-core-1.2.11.jar;C:\Users\marle\.m2\repository\org\apache\logging\log4j\log4j-to-slf4j\2.17.2\log4j-to-slf4j-2.17.2.jar;C:\Users\marle\.m2\repository\org\apache\logging\log4j\log4j-api\2.17.2\log4j-api-2.17.2.jar;C:\Users\marle\.m2\repository\org\slf4j\jul-to-slf4j\1.7.36\jul-to-slf4j-1.7.36.jar;C:\Users\marle\.m2\repository\jakarta\annotation\jakarta.annotation-api\1.3.5\jakarta.annotation-api-1.3.5.jar;C:\Users\marle\.m2\repository\org\springframework\spring-core\5.3.25\spring-core-5.3.25.jar;C:\Users\marle\.m2\repository\org\springframework\spring-jcl\5.3.25\spring-jcl-5.3.25.jar;C:\Users\marle\.m2\repository\org\yaml\snakeyaml\1.30\snakeyaml-1.30.jar;C:\Users\marle\.m2\repository\com\fasterxml\jackson\core\jackson-databind\2.13.5\jackson-databind-2.13.5.jar;C:\Users\marle\.m2\repository\com\fasterxml\jackson\core\jackson-annotations\2.13.5\jackson-annotations-2.13.5.jar;C:\Users\marle\.m2\repository\com\fasterxml\jackson\core\jackson-core\2.13.5\jackson-core-2.13.5.jar;C:\Users\marle\.m2\repository\com\fasterxml\jackson\datatype\jackson-datatype-jdk8\2.13.5\jackson-datatype-jdk8-2.13.5.jar;C:\Users\marle\.m2\repository\com\fasterxml\jackson\datatype\jackson-datatype-jsr310\2.13.5\jackson-datatype-jsr310-2.13.5.jar;C:\Users\marle\.m2\repository\com\fasterxml\jackson\module\jackson-module-parameter-names\2.13.5\jackson-module-parameter-names-2.13.5.jar;C:\Users\marle\.m2\repository\org\apache\tomcat\embed\tomcat-embed-core\9.0.71\tomcat-embed-core-9.0.71.jar;C:\Users\marle\.m2\repository\org\apache\tomcat\embed\tomcat-embed-el\9.0.71\tomcat-embed-el-9.0.71.jar;C:\Users\marle\.m2\repository\org\apache\tomcat\embed\tomcat-embed-websocket\9.0.71\tomcat-embed-websocket-9.0.71.jar;C:\Users\marle\.m2\repository\org\springframework\spring-web\5.3.25\spring-web-5.3.25.jar;C:\Users\marle\.m2\repository\org\springframework\spring-beans\5.3.25\spring-beans-5.3.25.jar;C:\Users\marle\.m2\repository\org\springframework\spring-webmvc\5.3.25\spring-webmvc-5.3.25.jar;C:\Users\marle\.m2\repository\org\springframework\spring-aop\5.3.25\spring-aop-5.3.25.jar;C:\Users\marle\.m2\repository\org\springframework\spring-expression\5.3.25\spring-expression-5.3.25.jar;C:\Users\marle\.m2\repository\org\aspectj\aspectjweaver\1.9.7\aspectjweaver-1.9.7.jar;C:\Users\marle\.m2\repository\com\zaxxer\HikariCP\4.0.3\HikariCP-4.0.3.jar;C:\Users\marle\.m2\repository\org\springframework\spring-jdbc\5.3.25\spring-jdbc-5.3.25.jar;C:\Users\marle\.m2\repository\jakarta\transaction\jakarta.transaction-api\1.3.3\jakarta.transaction-api-1.3.3.jar;C:\Users\marle\.m2\repository\org\springframework\data\spring-data-jpa\2.7.8\spring-data-jpa-2.7.8.jar;C:\Users\marle\.m2\repository\org\springframework\data\spring-data-commons\2.7.8\spring-data-commons-2.7.8.jar;C:\Users\marle\.m2\repository\org\springframework\spring-orm\5.3.25\spring-orm-5.3.25.jar;C:\Users\marle\.m2\repository\org\springframework\spring-tx\5.3.25\spring-tx-5.3.25.jar;C:\Users\marle\.m2\repository\org\slf4j\slf4j-api\1.7.32\slf4j-api-1.7.32.jar;C:\Users\marle\.m2\repository\org\springframework\spring-aspects\5.3.25\spring-aspects-5.3.25.jar;C:\Users\marle\.m2\repository\org\postgresql\postgresql\42.6.0\postgresql-42.6.0.jar;C:\Users\marle\.m2\repository\org\checkerframework\checker-qual\3.31.0\checker-qual-3.31.0.jar;C:\Users\marle\.m2\repository\jakarta\persistence\jakarta.persistence-api\3.1.0\jakarta.persistence-api-3.1.0.jar;C:\Users\marle\.m2\repository\org\hibernate\hibernate-core\5.6.15.Final\hibernate-core-5.6.15.Final.jar;C:\Users\marle\.m2\repository\org\jboss\logging\jboss-logging\3.4.3.Final\jboss-logging-3.4.3.Final.jar;C:\Users\marle\.m2\repository\javax\persistence\javax.persistence-api\2.2\javax.persistence-api-2.2.jar;C:\Users\marle\.m2\repository\net\bytebuddy\byte-buddy\1.12.18\byte-buddy-1.12.18.jar;C:\Users\marle\.m2\repository\antlr\antlr\2.7.7\antlr-2.7.7.jar;C:\Users\marle\.m2\repository\org\jboss\spec\javax\transaction\jboss-transaction-api_1.2_spec\1.1.1.Final\jboss-transaction-api_1.2_spec-1.1.1.Final.jar;C:\Users\marle\.m2\repository\org\jboss\jandex\2.4.2.Final\jandex-2.4.2.Final.jar;C:\Users\marle\.m2\repository\com\fasterxml\classmate\1.5.1\classmate-1.5.1.jar;C:\Users\marle\.m2\repository\javax\activation\javax.activation-api\1.2.0\javax.activation-api-1.2.0.jar;C:\Users\marle\.m2\repository\org\hibernate\common\hibernate-commons-annotations\5.1.2.Final\hibernate-commons-annotations-5.1.2.Final.jar;C:\Users\marle\.m2\repository\javax\xml\bind\jaxb-api\2.3.1\jaxb-api-2.3.1.jar;C:\Users\marle\.m2\repository\org\glassfish\jaxb\jaxb-runtime\2.3.1\jaxb-runtime-2.3.1.jar;C:\Users\marle\.m2\repository\org\glassfish\jaxb\txw2\2.3.1\txw2-2.3.1.jar;C:\Users\marle\.m2\repository\com\sun\istack\istack-commons-runtime\3.0.7\istack-commons-runtime-3.0.7.jar;C:\Users\marle\.m2\repository\org\jvnet\staxex\stax-ex\1.8\stax-ex-1.8.jar;C:\Users\marle\.m2\repository\com\sun\xml\fastinfoset\FastInfoset\1.2.15\FastInfoset-1.2.15.jar
[DEBUG] Application argument(s): 
[DEBUG] Environment variable(s): 

  .   ____          _            __ _ _
 /\\ / ___'_ __ _ _(_)_ __  __ _ \ \ \ \
( ( )\___ | '_ | '_| | '_ \/ _` | \ \ \ \
 \\/  ___)| |_)| | | | | || (_| |  ) ) ) )
  '  |____| .__|_| |_|_| |_\__, | / / / /
 =========|_|==============|___/=/_/_/_/
 :: Spring Boot ::                (v2.7.9)

2025-03-25 23:38:34.507  INFO 35664 --- [           main] com.rastreo.mascotas.Application         : Starting Application using Java 23.0.2 on OneStep with PID 35664 (C:\MiProyecto\mascotas\target\classes started by marle in C:\MiProyecto\mascotas)
2025-03-25 23:38:34.513  INFO 35664 --- [           main] com.rastreo.mascotas.Application         : No active profile set, falling back to 1 default profile: "default"
2025-03-25 23:38:35.614  INFO 35664 --- [           main] .s.d.r.c.RepositoryConfigurationDelegate : Bootstrapping Spring Data JPA repositories in DEFAULT mode.
2025-03-25 23:38:35.697  INFO 35664 --- [           main] .s.d.r.c.RepositoryConfigurationDelegate : Finished Spring Data repository scanning in 68 ms. Found 1 JPA repository interfaces.
2025-03-25 23:38:36.747  INFO 35664 --- [           main] o.s.b.w.embedded.tomcat.TomcatWebServer  : Tomcat initialized with port(s): 8080 (http)
2025-03-25 23:38:36.768  INFO 35664 --- [           main] o.apache.catalina.core.StandardService   : Starting service [Tomcat]
2025-03-25 23:38:36.768  INFO 35664 --- [           main] org.apache.catalina.core.StandardEngine  : Starting Servlet engine: [Apache Tomcat/9.0.71]
2025-03-25 23:38:36.968  INFO 35664 --- [           main] o.a.c.c.C.[Tomcat].[localhost].[/]       : Initializing Spring embedded WebApplicationContext
2025-03-25 23:38:36.968  INFO 35664 --- [           main] w.s.c.ServletWebServerApplicationContext : Root WebApplicationContext: initialization completed in 2318 ms
2025-03-25 23:38:37.071  WARN 35664 --- [           main] ConfigServletWebServerApplicationContext : Exception encountered during context initialization - cancelling refresh attempt: org.springframework.beans.factory.UnsatisfiedDependencyException: Error creating bean with name 'dataSourceScriptDatabaseInitializer' defined in class path resource [org/springframework/boot/autoconfigure/sql/init/DataSourceInitializationConfiguration.class]: Unsatisfied dependency expressed through method 'dataSourceScriptDatabaseInitializer' parameter 0; nested exception is org.springframework.beans.factory.BeanCreationException: Error creating bean with name 'dataSource' defined in class path resource [org/springframework/boot/autoconfigure/jdbc/DataSourceConfiguration$Hikari.class]: Bean instantiation via factory method failed; nested exception is org.springframework.beans.BeanInstantiationException: Failed to instantiate [com.zaxxer.hikari.HikariDataSource]: Factory method 'dataSource' threw exception; nested exception is org.springframework.boot.autoconfigure.jdbc.DataSourceProperties$DataSourceBeanCreationException: Failed to determine a suitable driver class
2025-03-25 23:38:37.075  INFO 35664 --- [           main] o.apache.catalina.core.StandardService   : Stopping service [Tomcat]
2025-03-25 23:38:37.101  INFO 35664 --- [           main] ConditionEvaluationReportLoggingListener : 

Error starting ApplicationContext. To display the conditions report re-run your application with 'debug' enabled.
2025-03-25 23:38:37.148 ERROR 35664 --- [           main] o.s.b.d.LoggingFailureAnalysisReporter   : 

***************************
APPLICATION FAILED TO START
***************************

Description:

Failed to configure a DataSource: 'url' attribute is not specified and no embedded datasource could be configured.

Reason: Failed to determine a suitable driver class


Action:

Consider the following:
	If you want an embedded database (H2, HSQL or Derby), please put it on the classpath.
	If you have database settings to be loaded from a particular profile you may need to activate it (no profiles are currently active).

[INFO] ------------------------------------------------------------------------
[INFO] BUILD FAILURE
[INFO] ------------------------------------------------------------------------
[INFO] Total time:  7.225 s
[INFO] Finished at: 2025-03-25T23:38:37-06:00
[INFO] ------------------------------------------------------------------------
[ERROR] Failed to execute goal org.springframework.boot:spring-boot-maven-plugin:2.7.9:run (default-cli) on project mascotas: Application finished with exit code: 1 -> [Help 1]
org.apache.maven.lifecycle.LifecycleExecutionException: Failed to execute goal org.springframework.boot:spring-boot-maven-plugin:2.7.9:run (default-cli) on project mascotas: Application finished with exit code: 1
    at org.apache.maven.lifecycle.internal.MojoExecutor.doExecute2 (MojoExecutor.java:333)
    at org.apache.maven.lifecycle.internal.MojoExecutor.doExecute (MojoExecutor.java:316)
    at org.apache.maven.lifecycle.internal.MojoExecutor.execute (MojoExecutor.java:212)
    at org.apache.maven.lifecycle.internal.MojoExecutor.execute (MojoExecutor.java:174)
    at org.apache.maven.lifecycle.internal.MojoExecutor.access$000 (MojoExecutor.java:75)
    at org.apache.maven.lifecycle.internal.MojoExecutor$1.run (MojoExecutor.java:162)
    at org.apache.maven.plugin.DefaultMojosExecutionStrategy.execute (DefaultMojosExecutionStrategy.java:39)
    at org.apache.maven.lifecycle.internal.MojoExecutor.execute (MojoExecutor.java:159)
    at org.apache.maven.lifecycle.internal.LifecycleModuleBuilder.buildProject (LifecycleModuleBuilder.java:105)
    at org.apache.maven.lifecycle.internal.LifecycleModuleBuilder.buildProject (LifecycleModuleBuilder.java:73)
    at org.apache.maven.lifecycle.internal.builder.singlethreaded.SingleThreadedBuilder.build (SingleThreadedBuilder.java:53)
    at org.apache.maven.lifecycle.internal.LifecycleStarter.execute (LifecycleStarter.java:118)
    at org.apache.maven.DefaultMaven.doExecute (DefaultMaven.java:261)
    at org.apache.maven.DefaultMaven.doExecute (DefaultMaven.java:173)
    at org.apache.maven.DefaultMaven.execute (DefaultMaven.java:101)
    at org.apache.maven.cli.MavenCli.execute (MavenCli.java:906)
    at org.apache.maven.cli.MavenCli.doMain (MavenCli.java:283)
    at org.apache.maven.cli.MavenCli.main (MavenCli.java:206)
    at jdk.internal.reflect.DirectMethodHandleAccessor.invoke (DirectMethodHandleAccessor.java:103)
    at java.lang.reflect.Method.invoke (Method.java:580)
    at org.codehaus.plexus.classworlds.launcher.Launcher.launchEnhanced (Launcher.java:255)
    at org.codehaus.plexus.classworlds.launcher.Launcher.launch (Launcher.java:201)
    at org.codehaus.plexus.classworlds.launcher.Launcher.mainWithExitCode (Launcher.java:361)
    at org.codehaus.plexus.classworlds.launcher.Launcher.main (Launcher.java:314)
Caused by: org.apache.maven.plugin.MojoExecutionException: Application finished with exit code: 1
    at org.springframework.boot.maven.RunMojo.runWithForkedJvm (RunMojo.java:103)
    at org.springframework.boot.maven.AbstractRunMojo.doRunWithForkedJvm (AbstractRunMojo.java:291)
    at org.springframework.boot.maven.AbstractRunMojo.run (AbstractRunMojo.java:255)
    at org.springframework.boot.maven.AbstractRunMojo.execute (AbstractRunMojo.java:225)
    at org.apache.maven.plugin.DefaultBuildPluginManager.executeMojo (DefaultBuildPluginManager.java:126)
    at org.apache.maven.lifecycle.internal.MojoExecutor.doExecute2 (MojoExecutor.java:328)
    at org.apache.maven.lifecycle.internal.MojoExecutor.doExecute (MojoExecutor.java:316)
    at org.apache.maven.lifecycle.internal.MojoExecutor.execute (MojoExecutor.java:212)
    at org.apache.maven.lifecycle.internal.MojoExecutor.execute (MojoExecutor.java:174)
    at org.apache.maven.lifecycle.internal.MojoExecutor.access$000 (MojoExecutor.java:75)
    at org.apache.maven.lifecycle.internal.MojoExecutor$1.run (MojoExecutor.java:162)
    at org.apache.maven.plugin.DefaultMojosExecutionStrategy.execute (DefaultMojosExecutionStrategy.java:39)
    at org.apache.maven.lifecycle.internal.MojoExecutor.execute (MojoExecutor.java:159)
    at org.apache.maven.lifecycle.internal.LifecycleModuleBuilder.buildProject (LifecycleModuleBuilder.java:105)
    at org.apache.maven.lifecycle.internal.LifecycleModuleBuilder.buildProject (LifecycleModuleBuilder.java:73)
    at org.apache.maven.lifecycle.internal.builder.singlethreaded.SingleThreadedBuilder.build (SingleThreadedBuilder.java:53)
    at org.apache.maven.lifecycle.internal.LifecycleStarter.execute (LifecycleStarter.java:118)
    at org.apache.maven.DefaultMaven.doExecute (DefaultMaven.java:261)
    at org.apache.maven.DefaultMaven.doExecute (DefaultMaven.java:173)
    at org.apache.maven.DefaultMaven.execute (DefaultMaven.java:101)
    at org.apache.maven.cli.MavenCli.execute (MavenCli.java:906)
    at org.apache.maven.cli.MavenCli.doMain (MavenCli.java:283)
    at org.apache.maven.cli.MavenCli.main (MavenCli.java:206)
    at jdk.internal.reflect.DirectMethodHandleAccessor.invoke (DirectMethodHandleAccessor.java:103)
    at java.lang.reflect.Method.invoke (Method.java:580)
    at org.codehaus.plexus.classworlds.launcher.Launcher.launchEnhanced (Launcher.java:255)
    at org.codehaus.plexus.classworlds.launcher.Launcher.launch (Launcher.java:201)
    at org.codehaus.plexus.classworlds.launcher.Launcher.mainWithExitCode (Launcher.java:361)
    at org.codehaus.plexus.classworlds.launcher.Launcher.main (Launcher.java:314)
[ERROR] 
[ERROR] 
[ERROR] For more information about the errors and possible solutions, please read the following articles:
[ERROR] [Help 1] http://cwiki.apache.org/confluence/display/MAVEN/MojoExecutionException
[DEBUG] Shutting down adapter factory; available factories [file-lock, rwlock-local, semaphore-local, noop]; available name mappers [discriminating, file-gav, file-hgav, file-static, gav, static]
[DEBUG] Shutting down 'file-lock' factory
[DEBUG] Shutting down 'rwlock-local' factory
[DEBUG] Shutting down 'semaphore-local' factory
[DEBUG] Shutting down 'noop' factory
